c:\users\lukasnew\desktop\masterprojekt\usingphotograhsenhance\virtualstudio\virtualstudio\virtualstudio\release\vc141.pdb
c:\users\lukasnew\desktop\masterprojekt\usingphotograhsenhance\virtualstudio\virtualstudio\virtualstudio\release\vector.obj
c:\users\lukasnew\desktop\masterprojekt\usingphotograhsenhance\virtualstudio\virtualstudio\virtualstudio\release\triangulate.obj
c:\users\lukasnew\desktop\masterprojekt\usingphotograhsenhance\virtualstudio\virtualstudio\virtualstudio\release\matrix.obj
c:\users\lukasnew\desktop\masterprojekt\usingphotograhsenhance\virtualstudio\virtualstudio\virtualstudio\release\fmatrix.obj
c:\users\lukasnew\desktop\masterprojekt\usingphotograhsenhance\virtualstudio\virtualstudio\virtualstudio\release\warp.obj
c:\users\lukasnew\desktop\masterprojekt\usingphotograhsenhance\virtualstudio\virtualstudio\virtualstudio\release\warp-back.obj
c:\users\lukasnew\desktop\masterprojekt\usingphotograhsenhance\virtualstudio\virtualstudio\virtualstudio\release\utils.obj
c:\users\lukasnew\desktop\masterprojekt\usingphotograhsenhance\virtualstudio\virtualstudio\virtualstudio\release\sor.obj
c:\users\lukasnew\desktop\masterprojekt\usingphotograhsenhance\virtualstudio\virtualstudio\virtualstudio\release\pyramid.obj
c:\users\lukasnew\desktop\masterprojekt\usingphotograhsenhance\virtualstudio\virtualstudio\virtualstudio\release\pyramid-sor.obj
c:\users\lukasnew\desktop\masterprojekt\usingphotograhsenhance\virtualstudio\virtualstudio\virtualstudio\release\image_stats.obj
c:\users\lukasnew\desktop\masterprojekt\usingphotograhsenhance\virtualstudio\virtualstudio\virtualstudio\release\image-io.obj
c:\users\lukasnew\desktop\masterprojekt\usingphotograhsenhance\virtualstudio\virtualstudio\virtualstudio\release\gnc.obj
c:\users\lukasnew\desktop\masterprojekt\usingphotograhsenhance\virtualstudio\virtualstudio\virtualstudio\release\filter.obj
c:\users\lukasnew\desktop\masterprojekt\usingphotograhsenhance\virtualstudio\virtualstudio\virtualstudio\release\disconts.obj
c:\users\lukasnew\desktop\masterprojekt\usingphotograhsenhance\virtualstudio\virtualstudio\virtualstudio\release\derivatives.obj
c:\users\lukasnew\desktop\masterprojekt\usingphotograhsenhance\virtualstudio\virtualstudio\virtualstudio\release\driver-flow.obj
c:\users\lukasnew\desktop\masterprojekt\usingphotograhsenhance\virtualstudio\virtualstudio\virtualstudio\release\driver-features.obj
c:\users\lukasnew\desktop\masterprojekt\usingphotograhsenhance\virtualstudio\virtualstudio\virtualstudio\release\driver-features-debug.obj
c:\users\lukasnew\desktop\masterprojekt\usingphotograhsenhance\virtualstudio\virtualstudio\virtualstudio\release\disk.obj
c:\users\lukasnew\desktop\masterprojekt\usingphotograhsenhance\virtualstudio\virtualstudio\virtualstudio\release\cameramats.obj
c:\users\lukasnew\desktop\masterprojekt\usingphotograhsenhance\virtualstudio\virtualstudio\virtualstudio\release\cameramats-proj.obj
c:\users\lukasnew\desktop\masterprojekt\usingphotograhsenhance\virtualstudio\virtualstudio\virtualstudio\release\cameramats-io.obj
c:\users\lukasnew\desktop\masterprojekt\usingphotograhsenhance\virtualstudio\virtualstudio\virtualstudio\release\cameramats-checks.obj
c:\users\lukasnew\desktop\masterprojekt\usingphotograhsenhance\virtualstudio\virtualstudio\virtualstudio\release\camera.obj
c:\users\lukasnew\desktop\masterprojekt\usingphotograhsenhance\virtualstudio\virtualstudio\virtualstudio\release\camera-planes.obj
c:\users\lukasnew\desktop\masterprojekt\usingphotograhsenhance\virtualstudio\virtualstudio\virtualstudio\release\camera-filenames.obj
c:\users\lukasnew\desktop\masterprojekt\usingphotograhsenhance\virtualstudio\virtualstudio\virtualstudio\release\camera-checks.obj
c:\users\lukasnew\desktop\masterprojekt\usingphotograhsenhance\virtualstudio\virtualstudio\virtualstudio\release\camera-accessors.obj
c:\users\lukasnew\desktop\masterprojekt\usingphotograhsenhance\virtualstudio\virtualstudio\virtualstudio\release\rigcalibrator.obj
c:\users\lukasnew\desktop\masterprojekt\usingphotograhsenhance\virtualstudio\virtualstudio\virtualstudio\release\rigcalibrator-pointextraction.obj
c:\users\lukasnew\desktop\masterprojekt\usingphotograhsenhance\virtualstudio\virtualstudio\virtualstudio\release\rigcalibrator-params.obj
c:\users\lukasnew\desktop\masterprojekt\usingphotograhsenhance\virtualstudio\virtualstudio\virtualstudio\release\rigcalibrator-noahlarry.obj
c:\users\lukasnew\desktop\masterprojekt\usingphotograhsenhance\virtualstudio\virtualstudio\virtualstudio\release\rigcalibrator-filenames.obj
c:\users\lukasnew\desktop\masterprojekt\usingphotograhsenhance\virtualstudio\virtualstudio\virtualstudio\release\rigcalibrator-cammatrices.obj
c:\users\lukasnew\desktop\masterprojekt\usingphotograhsenhance\virtualstudio\virtualstudio\virtualstudio\release\flowhelper.obj
c:\users\lukasnew\desktop\masterprojekt\usingphotograhsenhance\virtualstudio\virtualstudio\virtualstudio\release\imageio.obj
c:\users\lukasnew\desktop\masterprojekt\usingphotograhsenhance\virtualstudio\virtualstudio\virtualstudio\release\imageio-tiff.obj
c:\users\lukasnew\desktop\masterprojekt\usingphotograhsenhance\virtualstudio\virtualstudio\virtualstudio\release\image.obj
c:\users\lukasnew\desktop\masterprojekt\usingphotograhsenhance\virtualstudio\virtualstudio\virtualstudio\release\transform-4x4.obj
c:\users\lukasnew\desktop\masterprojekt\usingphotograhsenhance\virtualstudio\virtualstudio\virtualstudio\release\transform-2x2.obj
c:\users\lukasnew\desktop\masterprojekt\usingphotograhsenhance\virtualstudio\virtualstudio\virtualstudio\release\timer.obj
c:\users\lukasnew\desktop\masterprojekt\usingphotograhsenhance\virtualstudio\virtualstudio\virtualstudio\release\mathhelper.obj
c:\users\lukasnew\desktop\masterprojekt\usingphotograhsenhance\virtualstudio\virtualstudio\virtualstudio\release\definitions.obj
c:\users\lukasnew\desktop\masterprojekt\usingphotograhsenhance\virtualstudio\virtualstudio\virtualstudio\release\debug.obj
c:\users\lukasnew\desktop\masterprojekt\usingphotograhsenhance\virtualstudio\virtualstudio\virtualstudio\release\colorhelper.obj
c:\users\lukasnew\desktop\masterprojekt\usingphotograhsenhance\virtualstudio\virtualstudio\virtualstudio\release\maxflow.obj
c:\users\lukasnew\desktop\masterprojekt\usingphotograhsenhance\virtualstudio\virtualstudio\virtualstudio\release\graph.obj
c:\users\lukasnew\desktop\masterprojekt\usingphotograhsenhance\virtualstudio\virtualstudio\virtualstudio\release\features.obj
c:\users\lukasnew\desktop\masterprojekt\usingphotograhsenhance\virtualstudio\virtualstudio\virtualstudio\release\featurerenderer.obj
c:\users\lukasnew\desktop\masterprojekt\usingphotograhsenhance\virtualstudio\virtualstudio\virtualstudio\release\featurematcher.obj
c:\users\lukasnew\desktop\masterprojekt\usingphotograhsenhance\virtualstudio\virtualstudio\virtualstudio\release\driver.obj
c:\users\lukasnew\desktop\masterprojekt\usingphotograhsenhance\virtualstudio\virtualstudio\virtualstudio\release\driver-temp.obj
c:\users\lukasnew\desktop\masterprojekt\usingphotograhsenhance\virtualstudio\virtualstudio\virtualstudio\release\driver-stereo.obj
c:\users\lukasnew\desktop\masterprojekt\usingphotograhsenhance\virtualstudio\virtualstudio\virtualstudio\release\driver-preprocess.obj
c:\users\lukasnew\desktop\masterprojekt\usingphotograhsenhance\virtualstudio\virtualstudio\virtualstudio\release\driver-generic.obj
c:\users\lukasnew\desktop\masterprojekt\usingphotograhsenhance\virtualstudio\virtualstudio\virtualstudio\release\rlist.obj
c:\users\lukasnew\desktop\masterprojekt\usingphotograhsenhance\virtualstudio\virtualstudio\virtualstudio\release\ralist.obj
c:\users\lukasnew\desktop\masterprojekt\usingphotograhsenhance\virtualstudio\virtualstudio\virtualstudio\release\mssysprompt.obj
c:\users\lukasnew\desktop\masterprojekt\usingphotograhsenhance\virtualstudio\virtualstudio\virtualstudio\release\msimageprocessor.obj
c:\users\lukasnew\desktop\masterprojekt\usingphotograhsenhance\virtualstudio\virtualstudio\virtualstudio\release\ms.obj
c:\users\lukasnew\desktop\masterprojekt\usingphotograhsenhance\virtualstudio\virtualstudio\virtualstudio\release\parser.obj
c:\users\lukasnew\desktop\masterprojekt\usingphotograhsenhance\virtualstudio\virtualstudio\virtualstudio\release\libppm.obj
c:\users\lukasnew\desktop\masterprojekt\usingphotograhsenhance\virtualstudio\virtualstudio\virtualstudio\release\globalfnc.obj
c:\users\lukasnew\desktop\masterprojekt\usingphotograhsenhance\virtualstudio\virtualstudio\virtualstudio\release\edison.obj
c:\users\lukasnew\desktop\masterprojekt\usingphotograhsenhance\virtualstudio\virtualstudio\virtualstudio\release\bgimage.obj
c:\users\lukasnew\desktop\masterprojekt\usingphotograhsenhance\virtualstudio\virtualstudio\virtualstudio\release\bgglobalfc.obj
c:\users\lukasnew\desktop\masterprojekt\usingphotograhsenhance\virtualstudio\virtualstudio\virtualstudio\release\bgedgelist.obj
c:\users\lukasnew\desktop\masterprojekt\usingphotograhsenhance\virtualstudio\virtualstudio\virtualstudio\release\bgedgedetect.obj
c:\users\lukasnew\desktop\masterprojekt\usingphotograhsenhance\virtualstudio\virtualstudio\virtualstudio\release\bgedge.obj
c:\users\lukasnew\desktop\masterprojekt\usingphotograhsenhance\virtualstudio\virtualstudio\virtualstudio\release\main.obj
c:\users\lukasnew\desktop\masterprojekt\usingphotograhsenhance\virtualstudio\virtualstudio\virtualstudio\release\refcntmem.obj
c:\users\lukasnew\desktop\masterprojekt\usingphotograhsenhance\virtualstudio\virtualstudio\virtualstudio\release\imageprocessing.obj
c:\users\lukasnew\desktop\masterprojekt\usingphotograhsenhance\virtualstudio\virtualstudio\virtualstudio\release\imageprocessing-dirsmooth.obj
c:\users\lukasnew\desktop\masterprojekt\usingphotograhsenhance\virtualstudio\virtualstudio\virtualstudio\release\imageprocessing-dhw.obj
c:\users\lukasnew\desktop\masterprojekt\usingphotograhsenhance\virtualstudio\virtualstudio\virtualstudio\release\imageprocessing-demosiac.obj
c:\users\lukasnew\desktop\masterprojekt\usingphotograhsenhance\virtualstudio\virtualstudio\virtualstudio\release\segment-spatialneighs.obj
c:\users\lukasnew\desktop\masterprojekt\usingphotograhsenhance\virtualstudio\virtualstudio\virtualstudio\release\segment-segdata.obj
c:\users\lukasnew\desktop\masterprojekt\usingphotograhsenhance\virtualstudio\virtualstudio\virtualstudio\release\segment-io.obj
c:\users\lukasnew\desktop\masterprojekt\usingphotograhsenhance\virtualstudio\virtualstudio\virtualstudio\release\segment-debug.obj
c:\users\lukasnew\desktop\masterprojekt\usingphotograhsenhance\virtualstudio\virtualstudio\virtualstudio\release\ss_setup.obj
c:\users\lukasnew\desktop\masterprojekt\usingphotograhsenhance\virtualstudio\virtualstudio\virtualstudio\release\ss_setup-params.obj
c:\users\lukasnew\desktop\masterprojekt\usingphotograhsenhance\virtualstudio\virtualstudio\virtualstudio\release\rig.obj
c:\users\lukasnew\desktop\masterprojekt\usingphotograhsenhance\virtualstudio\virtualstudio\virtualstudio\release\rig-planes.obj
c:\users\lukasnew\desktop\masterprojekt\usingphotograhsenhance\virtualstudio\virtualstudio\virtualstudio\release\rig-params.obj
c:\users\lukasnew\desktop\masterprojekt\usingphotograhsenhance\virtualstudio\virtualstudio\virtualstudio\release\rig-filenames.obj
c:\users\lukasnew\desktop\masterprojekt\usingphotograhsenhance\virtualstudio\virtualstudio\virtualstudio\release\rig-debug.obj
c:\users\lukasnew\desktop\masterprojekt\usingphotograhsenhance\virtualstudio\virtualstudio\virtualstudio\release\rig-checks.obj
c:\users\lukasnew\desktop\masterprojekt\usingphotograhsenhance\virtualstudio\virtualstudio\virtualstudio\release\rig-camerapath.obj
c:\users\lukasnew\desktop\masterprojekt\usingphotograhsenhance\virtualstudio\virtualstudio\virtualstudio\release\draw.obj
c:\users\lukasnew\desktop\masterprojekt\usingphotograhsenhance\virtualstudio\virtualstudio\virtualstudio\release\optfileparser.obj
c:\users\lukasnew\desktop\masterprojekt\usingphotograhsenhance\virtualstudio\virtualstudio\virtualstudio\release\optfileparser-params.obj
c:\users\lukasnew\desktop\masterprojekt\usingphotograhsenhance\virtualstudio\virtualstudio\virtualstudio\release\piecewisemotion.obj
c:\users\lukasnew\desktop\masterprojekt\usingphotograhsenhance\virtualstudio\virtualstudio\virtualstudio\release\motionfrommatches.obj
c:\users\lukasnew\desktop\masterprojekt\usingphotograhsenhance\virtualstudio\virtualstudio\virtualstudio\release\motion.obj
c:\users\lukasnew\desktop\masterprojekt\usingphotograhsenhance\virtualstudio\virtualstudio\virtualstudio\release\horn.obj
c:\users\lukasnew\desktop\masterprojekt\usingphotograhsenhance\virtualstudio\virtualstudio\virtualstudio\release\plane.obj
c:\users\lukasnew\desktop\masterprojekt\usingphotograhsenhance\virtualstudio\virtualstudio\virtualstudio\release\pcloudsegmenter.obj
c:\users\lukasnew\desktop\masterprojekt\usingphotograhsenhance\virtualstudio\virtualstudio\virtualstudio\release\videosolver.obj
c:\users\lukasnew\desktop\masterprojekt\usingphotograhsenhance\virtualstudio\virtualstudio\virtualstudio\release\videosolver-filenames.obj
c:\users\lukasnew\desktop\masterprojekt\usingphotograhsenhance\virtualstudio\virtualstudio\virtualstudio\release\videosolver-color.obj
c:\users\lukasnew\desktop\masterprojekt\usingphotograhsenhance\virtualstudio\virtualstudio\virtualstudio\release\sparsesolver.obj
c:\users\lukasnew\desktop\masterprojekt\usingphotograhsenhance\virtualstudio\virtualstudio\virtualstudio\release\blendsolver.obj
c:\users\lukasnew\desktop\masterprojekt\usingphotograhsenhance\virtualstudio\virtualstudio\virtualstudio\release\registrationdefs.obj
c:\users\lukasnew\desktop\masterprojekt\usingphotograhsenhance\virtualstudio\virtualstudio\virtualstudio\release\piecesblender.obj
c:\users\lukasnew\desktop\masterprojekt\usingphotograhsenhance\virtualstudio\virtualstudio\virtualstudio\release\cclabeler.obj
c:\users\lukasnew\desktop\masterprojekt\usingphotograhsenhance\virtualstudio\virtualstudio\virtualstudio\release\camframecontext.obj
c:\users\lukasnew\desktop\masterprojekt\usingphotograhsenhance\virtualstudio\virtualstudio\virtualstudio\release\segmenter.obj
c:\users\lukasnew\desktop\masterprojekt\usingphotograhsenhance\virtualstudio\virtualstudio\virtualstudio\release\segmenter-params.obj
c:\users\lukasnew\desktop\masterprojekt\usingphotograhsenhance\virtualstudio\virtualstudio\virtualstudio\release\segmentbreaker.obj
c:\users\lukasnew\desktop\masterprojekt\usingphotograhsenhance\virtualstudio\virtualstudio\virtualstudio\release\segmentbreaker-params.obj
c:\users\lukasnew\desktop\masterprojekt\usingphotograhsenhance\virtualstudio\virtualstudio\virtualstudio\release\segmentation.obj
c:\users\lukasnew\desktop\masterprojekt\usingphotograhsenhance\virtualstudio\virtualstudio\virtualstudio\release\segmentation-io.obj
c:\users\lukasnew\desktop\masterprojekt\usingphotograhsenhance\virtualstudio\virtualstudio\virtualstudio\release\segmentation-debug.obj
c:\users\lukasnew\desktop\masterprojekt\usingphotograhsenhance\virtualstudio\virtualstudio\virtualstudio\release\segment.obj
c:\users\lukasnew\desktop\masterprojekt\usingphotograhsenhance\virtualstudio\virtualstudio\virtualstudio\release\segment-viewneighs.obj
c:\users\lukasnew\desktop\masterprojekt\usingphotograhsenhance\virtualstudio\virtualstudio\virtualstudio\release\streampixio.obj
c:\users\lukasnew\desktop\masterprojekt\usingphotograhsenhance\virtualstudio\virtualstudio\virtualstudio\release\stereoreconstruction.obj
c:\users\lukasnew\desktop\masterprojekt\usingphotograhsenhance\virtualstudio\virtualstudio\virtualstudio\release\stereoreconstruction-params.obj
c:\users\lukasnew\desktop\masterprojekt\usingphotograhsenhance\virtualstudio\virtualstudio\virtualstudio\release\stereoreconstruction-nvi.obj
c:\users\lukasnew\desktop\masterprojekt\usingphotograhsenhance\virtualstudio\virtualstudio\virtualstudio\release\stereoreconstruction-matte.obj
c:\users\lukasnew\desktop\masterprojekt\usingphotograhsenhance\virtualstudio\virtualstudio\virtualstudio\release\stereoreconstruction-io.obj
c:\users\lukasnew\desktop\masterprojekt\usingphotograhsenhance\virtualstudio\virtualstudio\virtualstudio\release\stereoreconstruction-flow.obj
c:\users\lukasnew\desktop\masterprojekt\usingphotograhsenhance\virtualstudio\virtualstudio\virtualstudio\release\stereoreconstruction-filenames.obj
c:\users\lukasnew\desktop\masterprojekt\usingphotograhsenhance\virtualstudio\virtualstudio\virtualstudio\release\stereo.obj
c:\users\lukasnew\desktop\masterprojekt\usingphotograhsenhance\virtualstudio\virtualstudio\virtualstudio\release\stereo-staticdata.obj
c:\users\lukasnew\desktop\masterprojekt\usingphotograhsenhance\virtualstudio\virtualstudio\virtualstudio\release\stereo-params.obj
c:\users\lukasnew\desktop\masterprojekt\usingphotograhsenhance\virtualstudio\virtualstudio\virtualstudio\release\stereo-load.obj
c:\users\lukasnew\desktop\masterprojekt\usingphotograhsenhance\virtualstudio\virtualstudio\virtualstudio\release\stereo-init.obj
c:\users\lukasnew\desktop\masterprojekt\usingphotograhsenhance\virtualstudio\virtualstudio\virtualstudio\release\stereo-filenames.obj
c:\users\lukasnew\desktop\masterprojekt\usingphotograhsenhance\virtualstudio\virtualstudio\virtualstudio\release\stereo-debug.obj
c:\users\lukasnew\desktop\masterprojekt\usingphotograhsenhance\virtualstudio\virtualstudio\virtualstudio\release\stereo-bp.obj
c:\users\lukasnew\desktop\masterprojekt\usingphotograhsenhance\virtualstudio\virtualstudio\virtualstudio\release\stereo-bp-init.obj
c:\users\lukasnew\desktop\masterprojekt\usingphotograhsenhance\virtualstudio\virtualstudio\virtualstudio\release\scenepoints.obj
c:\users\lukasnew\desktop\masterprojekt\usingphotograhsenhance\virtualstudio\virtualstudio\virtualstudio\release\pointcloud.obj
c:\users\lukasnew\desktop\masterprojekt\usingphotograhsenhance\virtualstudio\virtualstudio\virtualstudio\release\planefrompoints.obj
c:\users\lukasnew\desktop\masterprojekt\usingphotograhsenhance\virtualstudio\virtualstudio\release\virtualstudio.exe
c:\users\lukasnew\desktop\masterprojekt\usingphotograhsenhance\virtualstudio\virtualstudio\release\virtualstudio.pdb
c:\users\lukasnew\desktop\masterprojekt\usingphotograhsenhance\virtualstudio\virtualstudio\release\virtualstudio.ipdb
c:\users\lukasnew\desktop\masterprojekt\usingphotograhsenhance\virtualstudio\virtualstudio\release\virtualstudio.iobj
c:\users\lukasnew\desktop\masterprojekt\usingphotograhsenhance\virtualstudio\virtualstudio\virtualstudio\release\virtualstudio.tlog\cl.command.1.tlog
c:\users\lukasnew\desktop\masterprojekt\usingphotograhsenhance\virtualstudio\virtualstudio\virtualstudio\release\virtualstudio.tlog\cl.read.1.tlog
c:\users\lukasnew\desktop\masterprojekt\usingphotograhsenhance\virtualstudio\virtualstudio\virtualstudio\release\virtualstudio.tlog\cl.write.1.tlog
c:\users\lukasnew\desktop\masterprojekt\usingphotograhsenhance\virtualstudio\virtualstudio\virtualstudio\release\virtualstudio.tlog\link.command.1.tlog
c:\users\lukasnew\desktop\masterprojekt\usingphotograhsenhance\virtualstudio\virtualstudio\virtualstudio\release\virtualstudio.tlog\link.read.1.tlog
c:\users\lukasnew\desktop\masterprojekt\usingphotograhsenhance\virtualstudio\virtualstudio\virtualstudio\release\virtualstudio.tlog\link.write.1.tlog
c:\users\lukasnew\desktop\masterprojekt\usingphotograhsenhance\virtualstudio\virtualstudio\virtualstudio\release\virtualstudio.tlog\virtualstudio.write.1u.tlog
