  derivatives.c
  disconts.c
  filter.c
  gnc.c
  image-io.c
  image_stats.c
  pyramid-sor.c
  pyramid.c
  sor.c
  utils.c
  warp-back.c
  warp.c
  fmatrix.c
c:\users\lukasnew\desktop\masterprojekt\usingphotograhsenhance\virtualstudio\virtualstudio\src\motionmodel\fmatrix\fmatrix.h(12): warning C4005: 'isnan': macro redefinition
  c:\program files (x86)\windows kits\10\include\10.0.16299.0\ucrt\corecrt_math.h(275): note: see previous definition of 'isnan'
  matrix.c
  triangulate.c
  vector.c
  FlowHelper.cpp
  RigCalibrator-CamMatrices.cpp
  RigCalibrator-FileNames.cpp
  RigCalibrator-NoahLarry.cpp
  RigCalibrator-Params.cpp
c:\users\lukasnew\desktop\masterprojekt\usingphotograhsenhance\virtualstudio\virtualstudio\src\calibration\rigcalibrator-params.cpp(40): warning C4473: 'printf' : not enough arguments passed for format string
  c:\users\lukasnew\desktop\masterprojekt\usingphotograhsenhance\virtualstudio\virtualstudio\src\calibration\rigcalibrator-params.cpp(40): note: placeholders and their parameters expect 1 variadic arguments, but 0 were provided
  c:\users\lukasnew\desktop\masterprojekt\usingphotograhsenhance\virtualstudio\virtualstudio\src\calibration\rigcalibrator-params.cpp(40): note: the missing variadic argument 1 is required by format string '%s'
c:\users\lukasnew\desktop\masterprojekt\usingphotograhsenhance\virtualstudio\virtualstudio\src\calibration\rigcalibrator-params.cpp(48): warning C4473: 'printf' : not enough arguments passed for format string
  c:\users\lukasnew\desktop\masterprojekt\usingphotograhsenhance\virtualstudio\virtualstudio\src\calibration\rigcalibrator-params.cpp(48): note: placeholders and their parameters expect 1 variadic arguments, but 0 were provided
  c:\users\lukasnew\desktop\masterprojekt\usingphotograhsenhance\virtualstudio\virtualstudio\src\calibration\rigcalibrator-params.cpp(48): note: the missing variadic argument 1 is required by format string '%s'
  RigCalibrator-PointExtraction.cpp
  RigCalibrator.cpp
  Camera-Accessors.cpp
  Camera-Checks.cpp
  Camera-FileNames.cpp
  Camera-Planes.cpp
  Camera.cpp
  CameraMats-Checks.cpp
  CameraMats-IO.cpp
c:\users\lukasnew\desktop\masterprojekt\usingphotograhsenhance\virtualstudio\virtualstudio\src\camera\cameramats-io.cpp(180): warning C4477: 'printf' : format string '%ld' requires an argument of type 'long', but variadic argument 1 has type 'const double'
c:\users\lukasnew\desktop\masterprojekt\usingphotograhsenhance\virtualstudio\virtualstudio\src\camera\cameramats-io.cpp(180): warning C4477: 'printf' : format string '%ld' requires an argument of type 'long', but variadic argument 2 has type 'const double'
  CameraMats-Proj.cpp
  CameraMats.cpp
  Disk.cpp
  Driver-Features-Debug.cpp
c:\program files (x86)\microsoft visual studio\2017\community\vc\tools\msvc\14.16.27023\include\utility(172): warning C4244: 'initializing': conversion from '_Ty' to '_Ty1', possible loss of data
          with
          [
              _Ty=int
          ]
          and
          [
              _Ty1=float
          ]
  c:\users\lukasnew\desktop\masterprojekt\usingphotograhsenhance\virtualstudio\virtualstudio\src\motionmodel\motion.h(121): note: see reference to function template instantiation 'std::pair<float,float>::pair<int,int,0>(_Other1 &&,_Other2 &&) noexcept' being compiled
          with
          [
              _Other1=int,
              _Other2=int
          ]
  c:\users\lukasnew\desktop\masterprojekt\usingphotograhsenhance\virtualstudio\virtualstudio\src\motionmodel\motion.h(121): note: see reference to function template instantiation 'std::pair<float,float>::pair<int,int,0>(_Other1 &&,_Other2 &&) noexcept' being compiled
          with
          [
              _Other1=int,
              _Other2=int
          ]
c:\program files (x86)\microsoft visual studio\2017\community\vc\tools\msvc\14.16.27023\include\utility(173): warning C4244: 'initializing': conversion from '_Ty' to '_Ty2', possible loss of data
          with
          [
              _Ty=int
          ]
          and
          [
              _Ty2=float
          ]
  Driver-Features.cpp
c:\program files (x86)\microsoft visual studio\2017\community\vc\tools\msvc\14.16.27023\include\utility(172): warning C4244: 'initializing': conversion from '_Ty' to '_Ty1', possible loss of data
          with
          [
              _Ty=int
          ]
          and
          [
              _Ty1=float
          ]
  c:\users\lukasnew\desktop\masterprojekt\usingphotograhsenhance\virtualstudio\virtualstudio\src\motionmodel\motion.h(121): note: see reference to function template instantiation 'std::pair<float,float>::pair<int,int,0>(_Other1 &&,_Other2 &&) noexcept' being compiled
          with
          [
              _Other1=int,
              _Other2=int
          ]
  c:\users\lukasnew\desktop\masterprojekt\usingphotograhsenhance\virtualstudio\virtualstudio\src\motionmodel\motion.h(121): note: see reference to function template instantiation 'std::pair<float,float>::pair<int,int,0>(_Other1 &&,_Other2 &&) noexcept' being compiled
          with
          [
              _Other1=int,
              _Other2=int
          ]
c:\program files (x86)\microsoft visual studio\2017\community\vc\tools\msvc\14.16.27023\include\utility(173): warning C4244: 'initializing': conversion from '_Ty' to '_Ty2', possible loss of data
          with
          [
              _Ty=int
          ]
          and
          [
              _Ty2=float
          ]
  Driver-Flow.cpp
c:\program files (x86)\microsoft visual studio\2017\community\vc\tools\msvc\14.16.27023\include\utility(172): warning C4244: 'initializing': conversion from '_Ty' to '_Ty1', possible loss of data
          with
          [
              _Ty=int
          ]
          and
          [
              _Ty1=float
          ]
  c:\users\lukasnew\desktop\masterprojekt\usingphotograhsenhance\virtualstudio\virtualstudio\src\motionmodel\motion.h(121): note: see reference to function template instantiation 'std::pair<float,float>::pair<int,int,0>(_Other1 &&,_Other2 &&) noexcept' being compiled
          with
          [
              _Other1=int,
              _Other2=int
          ]
  c:\users\lukasnew\desktop\masterprojekt\usingphotograhsenhance\virtualstudio\virtualstudio\src\motionmodel\motion.h(121): note: see reference to function template instantiation 'std::pair<float,float>::pair<int,int,0>(_Other1 &&,_Other2 &&) noexcept' being compiled
          with
          [
              _Other1=int,
              _Other2=int
          ]
c:\program files (x86)\microsoft visual studio\2017\community\vc\tools\msvc\14.16.27023\include\utility(173): warning C4244: 'initializing': conversion from '_Ty' to '_Ty2', possible loss of data
          with
          [
              _Ty=int
          ]
          and
          [
              _Ty2=float
          ]
  Compiling...
  Driver-Generic.cpp
c:\program files (x86)\microsoft visual studio\2017\community\vc\tools\msvc\14.16.27023\include\utility(172): warning C4244: 'initializing': conversion from '_Ty' to '_Ty1', possible loss of data
          with
          [
              _Ty=int
          ]
          and
          [
              _Ty1=float
          ]
  c:\users\lukasnew\desktop\masterprojekt\usingphotograhsenhance\virtualstudio\virtualstudio\src\motionmodel\motion.h(121): note: see reference to function template instantiation 'std::pair<float,float>::pair<int,int,0>(_Other1 &&,_Other2 &&) noexcept' being compiled
          with
          [
              _Other1=int,
              _Other2=int
          ]
  c:\users\lukasnew\desktop\masterprojekt\usingphotograhsenhance\virtualstudio\virtualstudio\src\motionmodel\motion.h(121): note: see reference to function template instantiation 'std::pair<float,float>::pair<int,int,0>(_Other1 &&,_Other2 &&) noexcept' being compiled
          with
          [
              _Other1=int,
              _Other2=int
          ]
c:\program files (x86)\microsoft visual studio\2017\community\vc\tools\msvc\14.16.27023\include\utility(173): warning C4244: 'initializing': conversion from '_Ty' to '_Ty2', possible loss of data
          with
          [
              _Ty=int
          ]
          and
          [
              _Ty2=float
          ]
  Driver-Preprocess.cpp
c:\program files (x86)\microsoft visual studio\2017\community\vc\tools\msvc\14.16.27023\include\utility(172): warning C4244: 'initializing': conversion from '_Ty' to '_Ty1', possible loss of data
          with
          [
              _Ty=int
          ]
          and
          [
              _Ty1=float
          ]
  c:\users\lukasnew\desktop\masterprojekt\usingphotograhsenhance\virtualstudio\virtualstudio\src\motionmodel\motion.h(121): note: see reference to function template instantiation 'std::pair<float,float>::pair<int,int,0>(_Other1 &&,_Other2 &&) noexcept' being compiled
          with
          [
              _Other1=int,
              _Other2=int
          ]
  c:\users\lukasnew\desktop\masterprojekt\usingphotograhsenhance\virtualstudio\virtualstudio\src\motionmodel\motion.h(121): note: see reference to function template instantiation 'std::pair<float,float>::pair<int,int,0>(_Other1 &&,_Other2 &&) noexcept' being compiled
          with
          [
              _Other1=int,
              _Other2=int
          ]
c:\program files (x86)\microsoft visual studio\2017\community\vc\tools\msvc\14.16.27023\include\utility(173): warning C4244: 'initializing': conversion from '_Ty' to '_Ty2', possible loss of data
          with
          [
              _Ty=int
          ]
          and
          [
              _Ty2=float
          ]
  Driver-Stereo.cpp
c:\program files (x86)\microsoft visual studio\2017\community\vc\tools\msvc\14.16.27023\include\utility(172): warning C4244: 'initializing': conversion from '_Ty' to '_Ty1', possible loss of data
          with
          [
              _Ty=int
          ]
          and
          [
              _Ty1=float
          ]
  c:\users\lukasnew\desktop\masterprojekt\usingphotograhsenhance\virtualstudio\virtualstudio\src\motionmodel\motion.h(121): note: see reference to function template instantiation 'std::pair<float,float>::pair<int,int,0>(_Other1 &&,_Other2 &&) noexcept' being compiled
          with
          [
              _Other1=int,
              _Other2=int
          ]
  c:\users\lukasnew\desktop\masterprojekt\usingphotograhsenhance\virtualstudio\virtualstudio\src\motionmodel\motion.h(121): note: see reference to function template instantiation 'std::pair<float,float>::pair<int,int,0>(_Other1 &&,_Other2 &&) noexcept' being compiled
          with
          [
              _Other1=int,
              _Other2=int
          ]
c:\program files (x86)\microsoft visual studio\2017\community\vc\tools\msvc\14.16.27023\include\utility(173): warning C4244: 'initializing': conversion from '_Ty' to '_Ty2', possible loss of data
          with
          [
              _Ty=int
          ]
          and
          [
              _Ty2=float
          ]
  Driver-temp.cpp
  Driver.cpp
c:\program files (x86)\microsoft visual studio\2017\community\vc\tools\msvc\14.16.27023\include\utility(172): warning C4244: 'initializing': conversion from '_Ty' to '_Ty1', possible loss of data
          with
          [
              _Ty=int
          ]
          and
          [
              _Ty1=float
          ]
  c:\users\lukasnew\desktop\masterprojekt\usingphotograhsenhance\virtualstudio\virtualstudio\src\motionmodel\motion.h(121): note: see reference to function template instantiation 'std::pair<float,float>::pair<int,int,0>(_Other1 &&,_Other2 &&) noexcept' being compiled
          with
          [
              _Other1=int,
              _Other2=int
          ]
  c:\users\lukasnew\desktop\masterprojekt\usingphotograhsenhance\virtualstudio\virtualstudio\src\motionmodel\motion.h(121): note: see reference to function template instantiation 'std::pair<float,float>::pair<int,int,0>(_Other1 &&,_Other2 &&) noexcept' being compiled
          with
          [
              _Other1=int,
              _Other2=int
          ]
c:\program files (x86)\microsoft visual studio\2017\community\vc\tools\msvc\14.16.27023\include\utility(173): warning C4244: 'initializing': conversion from '_Ty' to '_Ty2', possible loss of data
          with
          [
              _Ty=int
          ]
          and
          [
              _Ty2=float
          ]
  FeatureMatcher.cpp
c:\program files (x86)\microsoft visual studio\2017\community\vc\tools\msvc\14.16.27023\include\utility(172): warning C4244: 'initializing': conversion from '_Ty' to '_Ty1', possible loss of data
          with
          [
              _Ty=int
          ]
          and
          [
              _Ty1=float
          ]
  c:\users\lukasnew\desktop\masterprojekt\usingphotograhsenhance\virtualstudio\virtualstudio\src\motionmodel\motion.h(121): note: see reference to function template instantiation 'std::pair<float,float>::pair<int,int,0>(_Other1 &&,_Other2 &&) noexcept' being compiled
          with
          [
              _Other1=int,
              _Other2=int
          ]
  c:\users\lukasnew\desktop\masterprojekt\usingphotograhsenhance\virtualstudio\virtualstudio\src\motionmodel\motion.h(121): note: see reference to function template instantiation 'std::pair<float,float>::pair<int,int,0>(_Other1 &&,_Other2 &&) noexcept' being compiled
          with
          [
              _Other1=int,
              _Other2=int
          ]
c:\program files (x86)\microsoft visual studio\2017\community\vc\tools\msvc\14.16.27023\include\utility(173): warning C4244: 'initializing': conversion from '_Ty' to '_Ty2', possible loss of data
          with
          [
              _Ty=int
          ]
          and
          [
              _Ty2=float
          ]
  FeatureRenderer.cpp
c:\program files (x86)\microsoft visual studio\2017\community\vc\tools\msvc\14.16.27023\include\utility(172): warning C4244: 'initializing': conversion from '_Ty' to '_Ty1', possible loss of data
          with
          [
              _Ty=int
          ]
          and
          [
              _Ty1=float
          ]
  c:\users\lukasnew\desktop\masterprojekt\usingphotograhsenhance\virtualstudio\virtualstudio\src\motionmodel\motion.h(121): note: see reference to function template instantiation 'std::pair<float,float>::pair<int,int,0>(_Other1 &&,_Other2 &&) noexcept' being compiled
          with
          [
              _Other1=int,
              _Other2=int
          ]
  c:\users\lukasnew\desktop\masterprojekt\usingphotograhsenhance\virtualstudio\virtualstudio\src\motionmodel\motion.h(121): note: see reference to function template instantiation 'std::pair<float,float>::pair<int,int,0>(_Other1 &&,_Other2 &&) noexcept' being compiled
          with
          [
              _Other1=int,
              _Other2=int
          ]
c:\program files (x86)\microsoft visual studio\2017\community\vc\tools\msvc\14.16.27023\include\utility(173): warning C4244: 'initializing': conversion from '_Ty' to '_Ty2', possible loss of data
          with
          [
              _Ty=int
          ]
          and
          [
              _Ty2=float
          ]
  Features.cpp
  graph.cpp
  maxflow.cpp
  ColorHelper.cpp
  Debug.cpp
  Definitions.cpp
  MathHelper.cpp
  Timer.cpp
  Transform-2x2.cpp
  Transform-4x4.cpp
  Image.cpp
  ImageIO-Tiff.cpp
  ImageIO.cpp
  Compiling...
  ImageProcessing-Demosiac.cpp
  ImageProcessing-DHW.cpp
  ImageProcessing-DirSmooth.cpp
  ImageProcessing.cpp
  RefCntMem.cpp
  main.cpp
c:\program files (x86)\microsoft visual studio\2017\community\vc\tools\msvc\14.16.27023\include\utility(172): warning C4244: 'initializing': conversion from '_Ty' to '_Ty1', possible loss of data
          with
          [
              _Ty=int
          ]
          and
          [
              _Ty1=float
          ]
  c:\users\lukasnew\desktop\masterprojekt\usingphotograhsenhance\virtualstudio\virtualstudio\src\motionmodel\motion.h(121): note: see reference to function template instantiation 'std::pair<float,float>::pair<int,int,0>(_Other1 &&,_Other2 &&) noexcept' being compiled
          with
          [
              _Other1=int,
              _Other2=int
          ]
  c:\users\lukasnew\desktop\masterprojekt\usingphotograhsenhance\virtualstudio\virtualstudio\src\motionmodel\motion.h(121): note: see reference to function template instantiation 'std::pair<float,float>::pair<int,int,0>(_Other1 &&,_Other2 &&) noexcept' being compiled
          with
          [
              _Other1=int,
              _Other2=int
          ]
c:\program files (x86)\microsoft visual studio\2017\community\vc\tools\msvc\14.16.27023\include\utility(173): warning C4244: 'initializing': conversion from '_Ty' to '_Ty2', possible loss of data
          with
          [
              _Ty=int
          ]
          and
          [
              _Ty2=float
          ]
  BgEdge.cpp
  BgEdgeDetect.cpp
  BgEdgeList.cpp
  BgGlobalFc.cpp
  BgImage.cpp
  edison.cpp
  globalFnc.cpp
  libppm.cpp
c:\users\lukasnew\desktop\masterprojekt\usingphotograhsenhance\virtualstudio\virtualstudio\src\meanshiftseg\prompt\libppm.cpp(26): warning C4474: 'fprintf' : too many arguments passed for format string
  c:\users\lukasnew\desktop\masterprojekt\usingphotograhsenhance\virtualstudio\virtualstudio\src\meanshiftseg\prompt\libppm.cpp(26): note: placeholders and their parameters expect 0 variadic arguments, but 2 were provided
c:\users\lukasnew\desktop\masterprojekt\usingphotograhsenhance\virtualstudio\virtualstudio\src\meanshiftseg\prompt\libppm.cpp(51): warning C4474: 'fprintf' : too many arguments passed for format string
  c:\users\lukasnew\desktop\masterprojekt\usingphotograhsenhance\virtualstudio\virtualstudio\src\meanshiftseg\prompt\libppm.cpp(51): note: placeholders and their parameters expect 0 variadic arguments, but 2 were provided
  parser.cpp
  ms.cpp
  msImageProcessor.cpp
  msSysPrompt.cpp
  RAList.cpp
  rlist.cpp
  Compiling...
  horn.cpp
  Motion.cpp
c:\program files (x86)\microsoft visual studio\2017\community\vc\tools\msvc\14.16.27023\include\utility(172): warning C4244: 'initializing': conversion from '_Ty' to '_Ty1', possible loss of data
          with
          [
              _Ty=int
          ]
          and
          [
              _Ty1=float
          ]
  c:\users\lukasnew\desktop\masterprojekt\usingphotograhsenhance\virtualstudio\virtualstudio\src\motionmodel\motion.h(121): note: see reference to function template instantiation 'std::pair<float,float>::pair<int,int,0>(_Other1 &&,_Other2 &&) noexcept' being compiled
          with
          [
              _Other1=int,
              _Other2=int
          ]
  c:\users\lukasnew\desktop\masterprojekt\usingphotograhsenhance\virtualstudio\virtualstudio\src\motionmodel\motion.h(121): note: see reference to function template instantiation 'std::pair<float,float>::pair<int,int,0>(_Other1 &&,_Other2 &&) noexcept' being compiled
          with
          [
              _Other1=int,
              _Other2=int
          ]
c:\program files (x86)\microsoft visual studio\2017\community\vc\tools\msvc\14.16.27023\include\utility(173): warning C4244: 'initializing': conversion from '_Ty' to '_Ty2', possible loss of data
          with
          [
              _Ty=int
          ]
          and
          [
              _Ty2=float
          ]
  MotionFromMatches.cpp
c:\program files (x86)\microsoft visual studio\2017\community\vc\tools\msvc\14.16.27023\include\utility(172): warning C4244: 'initializing': conversion from '_Ty' to '_Ty1', possible loss of data
          with
          [
              _Ty=int
          ]
          and
          [
              _Ty1=float
          ]
  c:\users\lukasnew\desktop\masterprojekt\usingphotograhsenhance\virtualstudio\virtualstudio\src\motionmodel\motion.h(121): note: see reference to function template instantiation 'std::pair<float,float>::pair<int,int,0>(_Other1 &&,_Other2 &&) noexcept' being compiled
          with
          [
              _Other1=int,
              _Other2=int
          ]
  c:\users\lukasnew\desktop\masterprojekt\usingphotograhsenhance\virtualstudio\virtualstudio\src\motionmodel\motion.h(121): note: see reference to function template instantiation 'std::pair<float,float>::pair<int,int,0>(_Other1 &&,_Other2 &&) noexcept' being compiled
          with
          [
              _Other1=int,
              _Other2=int
          ]
c:\program files (x86)\microsoft visual studio\2017\community\vc\tools\msvc\14.16.27023\include\utility(173): warning C4244: 'initializing': conversion from '_Ty' to '_Ty2', possible loss of data
          with
          [
              _Ty=int
          ]
          and
          [
              _Ty2=float
          ]
  PiecewiseMotion.cpp
c:\program files (x86)\microsoft visual studio\2017\community\vc\tools\msvc\14.16.27023\include\utility(172): warning C4244: 'initializing': conversion from '_Ty' to '_Ty1', possible loss of data
          with
          [
              _Ty=int
          ]
          and
          [
              _Ty1=float
          ]
  c:\users\lukasnew\desktop\masterprojekt\usingphotograhsenhance\virtualstudio\virtualstudio\src\motionmodel\motion.h(121): note: see reference to function template instantiation 'std::pair<float,float>::pair<int,int,0>(_Other1 &&,_Other2 &&) noexcept' being compiled
          with
          [
              _Other1=int,
              _Other2=int
          ]
  c:\users\lukasnew\desktop\masterprojekt\usingphotograhsenhance\virtualstudio\virtualstudio\src\motionmodel\motion.h(121): note: see reference to function template instantiation 'std::pair<float,float>::pair<int,int,0>(_Other1 &&,_Other2 &&) noexcept' being compiled
          with
          [
              _Other1=int,
              _Other2=int
          ]
c:\program files (x86)\microsoft visual studio\2017\community\vc\tools\msvc\14.16.27023\include\utility(173): warning C4244: 'initializing': conversion from '_Ty' to '_Ty2', possible loss of data
          with
          [
              _Ty=int
          ]
          and
          [
              _Ty2=float
          ]
  OptFileParser-Params.cpp
c:\program files (x86)\microsoft visual studio\2017\community\vc\tools\msvc\14.16.27023\include\utility(172): warning C4244: 'initializing': conversion from '_Ty' to '_Ty1', possible loss of data
          with
          [
              _Ty=int
          ]
          and
          [
              _Ty1=float
          ]
  c:\users\lukasnew\desktop\masterprojekt\usingphotograhsenhance\virtualstudio\virtualstudio\src\motionmodel\motion.h(121): note: see reference to function template instantiation 'std::pair<float,float>::pair<int,int,0>(_Other1 &&,_Other2 &&) noexcept' being compiled
          with
          [
              _Other1=int,
              _Other2=int
          ]
  c:\users\lukasnew\desktop\masterprojekt\usingphotograhsenhance\virtualstudio\virtualstudio\src\motionmodel\motion.h(121): note: see reference to function template instantiation 'std::pair<float,float>::pair<int,int,0>(_Other1 &&,_Other2 &&) noexcept' being compiled
          with
          [
              _Other1=int,
              _Other2=int
          ]
c:\program files (x86)\microsoft visual studio\2017\community\vc\tools\msvc\14.16.27023\include\utility(173): warning C4244: 'initializing': conversion from '_Ty' to '_Ty2', possible loss of data
          with
          [
              _Ty=int
          ]
          and
          [
              _Ty2=float
          ]
  OptFileParser.cpp
c:\program files (x86)\microsoft visual studio\2017\community\vc\tools\msvc\14.16.27023\include\utility(172): warning C4244: 'initializing': conversion from '_Ty' to '_Ty1', possible loss of data
          with
          [
              _Ty=int
          ]
          and
          [
              _Ty1=float
          ]
  c:\users\lukasnew\desktop\masterprojekt\usingphotograhsenhance\virtualstudio\virtualstudio\src\motionmodel\motion.h(121): note: see reference to function template instantiation 'std::pair<float,float>::pair<int,int,0>(_Other1 &&,_Other2 &&) noexcept' being compiled
          with
          [
              _Other1=int,
              _Other2=int
          ]
  c:\users\lukasnew\desktop\masterprojekt\usingphotograhsenhance\virtualstudio\virtualstudio\src\motionmodel\motion.h(121): note: see reference to function template instantiation 'std::pair<float,float>::pair<int,int,0>(_Other1 &&,_Other2 &&) noexcept' being compiled
          with
          [
              _Other1=int,
              _Other2=int
          ]
c:\program files (x86)\microsoft visual studio\2017\community\vc\tools\msvc\14.16.27023\include\utility(173): warning C4244: 'initializing': conversion from '_Ty' to '_Ty2', possible loss of data
          with
          [
              _Ty=int
          ]
          and
          [
              _Ty2=float
          ]
  Draw.cpp
  Rig-CameraPath.cpp
  Rig-Checks.cpp
  Rig-Debug.cpp
  Rig-FileNames.cpp
  Rig-Params.cpp
  Rig-Planes.cpp
  Rig.cpp
  SS_Setup-Params.cpp
  SS_Setup.cpp
  Segment-Debug.cpp
  Segment-IO.cpp
  Segment-SegData.cpp
  Segment-SpatialNeighs.cpp
  Compiling...
  Segment-ViewNeighs.cpp
  Segment.cpp
  Segmentation-Debug.cpp
  Segmentation-IO.cpp
  Segmentation.cpp
  SegmentBreaker-Params.cpp
  SegmentBreaker.cpp
  Segmenter-Params.cpp
  Segmenter.cpp
  CamFrameContext.cpp
  CCLabeler.cpp
  PiecesBlender.cpp
  RegistrationDefs.cpp
  BlendSolver.cpp
  SparseSolver.cpp
  VideoSolver-Color.cpp
  VideoSolver-FileNames.cpp
  VideoSolver.cpp
  PCloudSegmenter.cpp
  Plane.cpp
  Compiling...
  PlaneFromPoints.cpp
  PointCloud.cpp
  ScenePoints.cpp
  Stereo-BP-Init.cpp
  Stereo-BP.cpp
  Stereo-Debug.cpp
  Stereo-FileNames.cpp
  Stereo-Init.cpp
  Stereo-Load.cpp
  Stereo-Params.cpp
c:\users\lukasnew\desktop\masterprojekt\usingphotograhsenhance\virtualstudio\virtualstudio\src\stereo\stereo-params.cpp(45): warning C4473: 'printf' : not enough arguments passed for format string
  c:\users\lukasnew\desktop\masterprojekt\usingphotograhsenhance\virtualstudio\virtualstudio\src\stereo\stereo-params.cpp(45): note: placeholders and their parameters expect 1 variadic arguments, but 0 were provided
  c:\users\lukasnew\desktop\masterprojekt\usingphotograhsenhance\virtualstudio\virtualstudio\src\stereo\stereo-params.cpp(45): note: the missing variadic argument 1 is required by format string '%s'
c:\users\lukasnew\desktop\masterprojekt\usingphotograhsenhance\virtualstudio\virtualstudio\src\stereo\stereo-params.cpp(53): warning C4473: 'printf' : not enough arguments passed for format string
  c:\users\lukasnew\desktop\masterprojekt\usingphotograhsenhance\virtualstudio\virtualstudio\src\stereo\stereo-params.cpp(53): note: placeholders and their parameters expect 1 variadic arguments, but 0 were provided
  c:\users\lukasnew\desktop\masterprojekt\usingphotograhsenhance\virtualstudio\virtualstudio\src\stereo\stereo-params.cpp(53): note: the missing variadic argument 1 is required by format string '%s'
  Stereo-StaticData.cpp
  Stereo.cpp
  StereoReconstruction-FileNames.cpp
  StereoReconstruction-Flow.cpp
  StereoReconstruction-IO.cpp
  StereoReconstruction-Matte.cpp
  StereoReconstruction-NVI.cpp
  StereoReconstruction-Params.cpp
  StereoReconstruction.cpp
  StreamPixIO.cpp
  Generating code
  9628 of 10052 functions (95.8%) were compiled, the rest were copied from previous compilation.
    1 functions were new in current compilation
    12 functions had inline decision re-evaluated but remain unchanged
  Finished generating code
LASPack.lib(errhandl.obj) : warning LNK4049: locally defined symbol _fprintf imported
LASPack.lib(itersolv.obj) : warning LNK4049: locally defined symbol _sprintf imported
LASPack.lib(operats.obj) : warning LNK4049: locally defined symbol _sprintf imported
LASPack.lib(factor.obj) : warning LNK4049: locally defined symbol _sprintf imported
LASPack.lib(eigenval.obj) : warning LNK4099: PDB 'vc80.pdb' was not found with 'LASPack.lib(eigenval.obj)' or at 'C:\Users\LukasNew\Desktop\masterprojekt\usingphotograhsenhance\VirtualStudio\VirtualStudio\Release\vc80.pdb'; linking object as if no debug info
LASPack.lib(errhandl.obj) : warning LNK4099: PDB 'vc80.pdb' was not found with 'LASPack.lib(errhandl.obj)' or at 'C:\Users\LukasNew\Desktop\masterprojekt\usingphotograhsenhance\VirtualStudio\VirtualStudio\Release\vc80.pdb'; linking object as if no debug info
LASPack.lib(factor.obj) : warning LNK4099: PDB 'vc80.pdb' was not found with 'LASPack.lib(factor.obj)' or at 'C:\Users\LukasNew\Desktop\masterprojekt\usingphotograhsenhance\VirtualStudio\VirtualStudio\Release\vc80.pdb'; linking object as if no debug info
LASPack.lib(itersolv.obj) : warning LNK4099: PDB 'vc80.pdb' was not found with 'LASPack.lib(itersolv.obj)' or at 'C:\Users\LukasNew\Desktop\masterprojekt\usingphotograhsenhance\VirtualStudio\VirtualStudio\Release\vc80.pdb'; linking object as if no debug info
LASPack.lib(matrix.obj) : warning LNK4099: PDB 'vc80.pdb' was not found with 'LASPack.lib(matrix.obj)' or at 'C:\Users\LukasNew\Desktop\masterprojekt\usingphotograhsenhance\VirtualStudio\VirtualStudio\Release\vc80.pdb'; linking object as if no debug info
LASPack.lib(operats.obj) : warning LNK4099: PDB 'vc80.pdb' was not found with 'LASPack.lib(operats.obj)' or at 'C:\Users\LukasNew\Desktop\masterprojekt\usingphotograhsenhance\VirtualStudio\VirtualStudio\Release\vc80.pdb'; linking object as if no debug info
LASPack.lib(precond.obj) : warning LNK4099: PDB 'vc80.pdb' was not found with 'LASPack.lib(precond.obj)' or at 'C:\Users\LukasNew\Desktop\masterprojekt\usingphotograhsenhance\VirtualStudio\VirtualStudio\Release\vc80.pdb'; linking object as if no debug info
LASPack.lib(qmatrix.obj) : warning LNK4099: PDB 'vc80.pdb' was not found with 'LASPack.lib(qmatrix.obj)' or at 'C:\Users\LukasNew\Desktop\masterprojekt\usingphotograhsenhance\VirtualStudio\VirtualStudio\Release\vc80.pdb'; linking object as if no debug info
LASPack.lib(rtc.obj) : warning LNK4099: PDB 'vc80.pdb' was not found with 'LASPack.lib(rtc.obj)' or at 'C:\Users\LukasNew\Desktop\masterprojekt\usingphotograhsenhance\VirtualStudio\VirtualStudio\Release\vc80.pdb'; linking object as if no debug info
LASPack.lib(vector.obj) : warning LNK4099: PDB 'vc80.pdb' was not found with 'LASPack.lib(vector.obj)' or at 'C:\Users\LukasNew\Desktop\masterprojekt\usingphotograhsenhance\VirtualStudio\VirtualStudio\Release\vc80.pdb'; linking object as if no debug info
  VirtualStudio.vcxproj -> C:\Users\LukasNew\Desktop\masterprojekt\usingphotograhsenhance\VirtualStudio\VirtualStudio\Release\VirtualStudio.exe
