c:\users\lukasnew\desktop\masterprojekt\usingphotograhsenhance\virtualstudio\virtualstudio\virtualstudio\debug\vc141.pdb
c:\users\lukasnew\desktop\masterprojekt\usingphotograhsenhance\virtualstudio\virtualstudio\virtualstudio\debug\vc141.idb
c:\users\lukasnew\desktop\masterprojekt\usingphotograhsenhance\virtualstudio\virtualstudio\virtualstudio\debug\derivatives.obj
c:\users\lukasnew\desktop\masterprojekt\usingphotograhsenhance\virtualstudio\virtualstudio\virtualstudio\debug\disconts.obj
c:\users\lukasnew\desktop\masterprojekt\usingphotograhsenhance\virtualstudio\virtualstudio\virtualstudio\debug\filter.obj
c:\users\lukasnew\desktop\masterprojekt\usingphotograhsenhance\virtualstudio\virtualstudio\virtualstudio\debug\gnc.obj
c:\users\lukasnew\desktop\masterprojekt\usingphotograhsenhance\virtualstudio\virtualstudio\virtualstudio\debug\image-io.obj
c:\users\lukasnew\desktop\masterprojekt\usingphotograhsenhance\virtualstudio\virtualstudio\virtualstudio\debug\image_stats.obj
c:\users\lukasnew\desktop\masterprojekt\usingphotograhsenhance\virtualstudio\virtualstudio\virtualstudio\debug\pyramid-sor.obj
c:\users\lukasnew\desktop\masterprojekt\usingphotograhsenhance\virtualstudio\virtualstudio\virtualstudio\debug\pyramid.obj
c:\users\lukasnew\desktop\masterprojekt\usingphotograhsenhance\virtualstudio\virtualstudio\virtualstudio\debug\sor.obj
c:\users\lukasnew\desktop\masterprojekt\usingphotograhsenhance\virtualstudio\virtualstudio\virtualstudio\debug\utils.obj
c:\users\lukasnew\desktop\masterprojekt\usingphotograhsenhance\virtualstudio\virtualstudio\virtualstudio\debug\warp-back.obj
c:\users\lukasnew\desktop\masterprojekt\usingphotograhsenhance\virtualstudio\virtualstudio\virtualstudio\debug\warp.obj
c:\users\lukasnew\desktop\masterprojekt\usingphotograhsenhance\virtualstudio\virtualstudio\virtualstudio\debug\fmatrix.obj
c:\users\lukasnew\desktop\masterprojekt\usingphotograhsenhance\virtualstudio\virtualstudio\virtualstudio\debug\matrix.obj
c:\users\lukasnew\desktop\masterprojekt\usingphotograhsenhance\virtualstudio\virtualstudio\virtualstudio\debug\triangulate.obj
c:\users\lukasnew\desktop\masterprojekt\usingphotograhsenhance\virtualstudio\virtualstudio\virtualstudio\debug\vector.obj
c:\users\lukasnew\desktop\masterprojekt\usingphotograhsenhance\virtualstudio\virtualstudio\virtualstudio\debug\stereo-debug.obj
c:\users\lukasnew\desktop\masterprojekt\usingphotograhsenhance\virtualstudio\virtualstudio\virtualstudio\debug\stereo-filenames.obj
c:\users\lukasnew\desktop\masterprojekt\usingphotograhsenhance\virtualstudio\virtualstudio\virtualstudio\debug\stereo-init.obj
c:\users\lukasnew\desktop\masterprojekt\usingphotograhsenhance\virtualstudio\virtualstudio\virtualstudio\debug\stereo-load.obj
c:\users\lukasnew\desktop\masterprojekt\usingphotograhsenhance\virtualstudio\virtualstudio\virtualstudio\debug\stereo-params.obj
c:\users\lukasnew\desktop\masterprojekt\usingphotograhsenhance\virtualstudio\virtualstudio\virtualstudio\debug\stereo-staticdata.obj
c:\users\lukasnew\desktop\masterprojekt\usingphotograhsenhance\virtualstudio\virtualstudio\virtualstudio\debug\stereo.obj
c:\users\lukasnew\desktop\masterprojekt\usingphotograhsenhance\virtualstudio\virtualstudio\virtualstudio\debug\stereoreconstruction-filenames.obj
c:\users\lukasnew\desktop\masterprojekt\usingphotograhsenhance\virtualstudio\virtualstudio\virtualstudio\debug\stereoreconstruction-flow.obj
c:\users\lukasnew\desktop\masterprojekt\usingphotograhsenhance\virtualstudio\virtualstudio\virtualstudio\debug\stereoreconstruction-io.obj
c:\users\lukasnew\desktop\masterprojekt\usingphotograhsenhance\virtualstudio\virtualstudio\virtualstudio\debug\stereoreconstruction-matte.obj
c:\users\lukasnew\desktop\masterprojekt\usingphotograhsenhance\virtualstudio\virtualstudio\virtualstudio\debug\stereoreconstruction-nvi.obj
c:\users\lukasnew\desktop\masterprojekt\usingphotograhsenhance\virtualstudio\virtualstudio\virtualstudio\debug\stereoreconstruction-params.obj
c:\users\lukasnew\desktop\masterprojekt\usingphotograhsenhance\virtualstudio\virtualstudio\virtualstudio\debug\stereoreconstruction.obj
c:\users\lukasnew\desktop\masterprojekt\usingphotograhsenhance\virtualstudio\virtualstudio\virtualstudio\debug\streampixio.obj
c:\users\lukasnew\desktop\masterprojekt\usingphotograhsenhance\virtualstudio\virtualstudio\virtualstudio\debug\superres-bp.obj
c:\users\lukasnew\desktop\masterprojekt\usingphotograhsenhance\virtualstudio\virtualstudio\virtualstudio\debug\superres-params.obj
c:\users\lukasnew\desktop\masterprojekt\usingphotograhsenhance\virtualstudio\virtualstudio\virtualstudio\debug\superres-training.obj
c:\users\lukasnew\desktop\masterprojekt\usingphotograhsenhance\virtualstudio\virtualstudio\virtualstudio\debug\superres.obj
c:\users\lukasnew\desktop\masterprojekt\usingphotograhsenhance\virtualstudio\virtualstudio\virtualstudio\debug\sampletest.obj
c:\users\lukasnew\desktop\masterprojekt\usingphotograhsenhance\virtualstudio\virtualstudio\virtualstudio\debug\segmentbreaker-params.obj
c:\users\lukasnew\desktop\masterprojekt\usingphotograhsenhance\virtualstudio\virtualstudio\virtualstudio\debug\segmentbreaker.obj
c:\users\lukasnew\desktop\masterprojekt\usingphotograhsenhance\virtualstudio\virtualstudio\virtualstudio\debug\segmenter-params.obj
c:\users\lukasnew\desktop\masterprojekt\usingphotograhsenhance\virtualstudio\virtualstudio\virtualstudio\debug\segmenter.obj
c:\users\lukasnew\desktop\masterprojekt\usingphotograhsenhance\virtualstudio\virtualstudio\virtualstudio\debug\camframecontext.obj
c:\users\lukasnew\desktop\masterprojekt\usingphotograhsenhance\virtualstudio\virtualstudio\virtualstudio\debug\cclabeler.obj
c:\users\lukasnew\desktop\masterprojekt\usingphotograhsenhance\virtualstudio\virtualstudio\virtualstudio\debug\piecesblender.obj
c:\users\lukasnew\desktop\masterprojekt\usingphotograhsenhance\virtualstudio\virtualstudio\virtualstudio\debug\registrationdefs.obj
c:\users\lukasnew\desktop\masterprojekt\usingphotograhsenhance\virtualstudio\virtualstudio\virtualstudio\debug\blendsolver.obj
c:\users\lukasnew\desktop\masterprojekt\usingphotograhsenhance\virtualstudio\virtualstudio\virtualstudio\debug\sparsesolver.obj
c:\users\lukasnew\desktop\masterprojekt\usingphotograhsenhance\virtualstudio\virtualstudio\virtualstudio\debug\videosolver-color.obj
c:\users\lukasnew\desktop\masterprojekt\usingphotograhsenhance\virtualstudio\virtualstudio\virtualstudio\debug\videosolver-filenames.obj
c:\users\lukasnew\desktop\masterprojekt\usingphotograhsenhance\virtualstudio\virtualstudio\virtualstudio\debug\videosolver.obj
c:\users\lukasnew\desktop\masterprojekt\usingphotograhsenhance\virtualstudio\virtualstudio\virtualstudio\debug\pcloudsegmenter.obj
c:\users\lukasnew\desktop\masterprojekt\usingphotograhsenhance\virtualstudio\virtualstudio\virtualstudio\debug\plane.obj
c:\users\lukasnew\desktop\masterprojekt\usingphotograhsenhance\virtualstudio\virtualstudio\virtualstudio\debug\planefrompoints.obj
c:\users\lukasnew\desktop\masterprojekt\usingphotograhsenhance\virtualstudio\virtualstudio\virtualstudio\debug\pointcloud.obj
c:\users\lukasnew\desktop\masterprojekt\usingphotograhsenhance\virtualstudio\virtualstudio\virtualstudio\debug\scenepoints.obj
c:\users\lukasnew\desktop\masterprojekt\usingphotograhsenhance\virtualstudio\virtualstudio\virtualstudio\debug\stereo-bp-init.obj
c:\users\lukasnew\desktop\masterprojekt\usingphotograhsenhance\virtualstudio\virtualstudio\virtualstudio\debug\stereo-bp.obj
c:\users\lukasnew\desktop\masterprojekt\usingphotograhsenhance\virtualstudio\virtualstudio\virtualstudio\debug\optfileparser.obj
c:\users\lukasnew\desktop\masterprojekt\usingphotograhsenhance\virtualstudio\virtualstudio\virtualstudio\debug\draw.obj
c:\users\lukasnew\desktop\masterprojekt\usingphotograhsenhance\virtualstudio\virtualstudio\virtualstudio\debug\rig-camerapath.obj
c:\users\lukasnew\desktop\masterprojekt\usingphotograhsenhance\virtualstudio\virtualstudio\virtualstudio\debug\rig-checks.obj
c:\users\lukasnew\desktop\masterprojekt\usingphotograhsenhance\virtualstudio\virtualstudio\virtualstudio\debug\rig-debug.obj
c:\users\lukasnew\desktop\masterprojekt\usingphotograhsenhance\virtualstudio\virtualstudio\virtualstudio\debug\rig-filenames.obj
c:\users\lukasnew\desktop\masterprojekt\usingphotograhsenhance\virtualstudio\virtualstudio\virtualstudio\debug\rig-params.obj
c:\users\lukasnew\desktop\masterprojekt\usingphotograhsenhance\virtualstudio\virtualstudio\virtualstudio\debug\rig-planes.obj
c:\users\lukasnew\desktop\masterprojekt\usingphotograhsenhance\virtualstudio\virtualstudio\virtualstudio\debug\rig.obj
c:\users\lukasnew\desktop\masterprojekt\usingphotograhsenhance\virtualstudio\virtualstudio\virtualstudio\debug\ss_setup-params.obj
c:\users\lukasnew\desktop\masterprojekt\usingphotograhsenhance\virtualstudio\virtualstudio\virtualstudio\debug\ss_setup.obj
c:\users\lukasnew\desktop\masterprojekt\usingphotograhsenhance\virtualstudio\virtualstudio\virtualstudio\debug\segment-debug.obj
c:\users\lukasnew\desktop\masterprojekt\usingphotograhsenhance\virtualstudio\virtualstudio\virtualstudio\debug\segment-io.obj
c:\users\lukasnew\desktop\masterprojekt\usingphotograhsenhance\virtualstudio\virtualstudio\virtualstudio\debug\segment-segdata.obj
c:\users\lukasnew\desktop\masterprojekt\usingphotograhsenhance\virtualstudio\virtualstudio\virtualstudio\debug\segment-spatialneighs.obj
c:\users\lukasnew\desktop\masterprojekt\usingphotograhsenhance\virtualstudio\virtualstudio\virtualstudio\debug\segment-viewneighs.obj
c:\users\lukasnew\desktop\masterprojekt\usingphotograhsenhance\virtualstudio\virtualstudio\virtualstudio\debug\segment.obj
c:\users\lukasnew\desktop\masterprojekt\usingphotograhsenhance\virtualstudio\virtualstudio\virtualstudio\debug\segmentation-debug.obj
c:\users\lukasnew\desktop\masterprojekt\usingphotograhsenhance\virtualstudio\virtualstudio\virtualstudio\debug\segmentation-io.obj
c:\users\lukasnew\desktop\masterprojekt\usingphotograhsenhance\virtualstudio\virtualstudio\virtualstudio\debug\segmentation.obj
c:\users\lukasnew\desktop\masterprojekt\usingphotograhsenhance\virtualstudio\virtualstudio\virtualstudio\debug\bgimage.obj
c:\users\lukasnew\desktop\masterprojekt\usingphotograhsenhance\virtualstudio\virtualstudio\virtualstudio\debug\edison.obj
c:\users\lukasnew\desktop\masterprojekt\usingphotograhsenhance\virtualstudio\virtualstudio\virtualstudio\debug\globalfnc.obj
c:\users\lukasnew\desktop\masterprojekt\usingphotograhsenhance\virtualstudio\virtualstudio\virtualstudio\debug\libppm.obj
c:\users\lukasnew\desktop\masterprojekt\usingphotograhsenhance\virtualstudio\virtualstudio\virtualstudio\debug\parser.obj
c:\users\lukasnew\desktop\masterprojekt\usingphotograhsenhance\virtualstudio\virtualstudio\virtualstudio\debug\ms.obj
c:\users\lukasnew\desktop\masterprojekt\usingphotograhsenhance\virtualstudio\virtualstudio\virtualstudio\debug\msimageprocessor.obj
c:\users\lukasnew\desktop\masterprojekt\usingphotograhsenhance\virtualstudio\virtualstudio\virtualstudio\debug\mssysprompt.obj
c:\users\lukasnew\desktop\masterprojekt\usingphotograhsenhance\virtualstudio\virtualstudio\virtualstudio\debug\ralist.obj
c:\users\lukasnew\desktop\masterprojekt\usingphotograhsenhance\virtualstudio\virtualstudio\virtualstudio\debug\rlist.obj
c:\users\lukasnew\desktop\masterprojekt\usingphotograhsenhance\virtualstudio\virtualstudio\virtualstudio\debug\horn.obj
c:\users\lukasnew\desktop\masterprojekt\usingphotograhsenhance\virtualstudio\virtualstudio\virtualstudio\debug\motion.obj
c:\users\lukasnew\desktop\masterprojekt\usingphotograhsenhance\virtualstudio\virtualstudio\virtualstudio\debug\motionfrommatches.obj
c:\users\lukasnew\desktop\masterprojekt\usingphotograhsenhance\virtualstudio\virtualstudio\virtualstudio\debug\piecewisemotion.obj
c:\users\lukasnew\desktop\masterprojekt\usingphotograhsenhance\virtualstudio\virtualstudio\virtualstudio\debug\mvflow-datacalc.obj
c:\users\lukasnew\desktop\masterprojekt\usingphotograhsenhance\virtualstudio\virtualstudio\virtualstudio\debug\mvflow-debug.obj
c:\users\lukasnew\desktop\masterprojekt\usingphotograhsenhance\virtualstudio\virtualstudio\virtualstudio\debug\mvflow-params.obj
c:\users\lukasnew\desktop\masterprojekt\usingphotograhsenhance\virtualstudio\virtualstudio\virtualstudio\debug\mvflow-solver.obj
c:\users\lukasnew\desktop\masterprojekt\usingphotograhsenhance\virtualstudio\virtualstudio\virtualstudio\debug\mvflow.obj
c:\users\lukasnew\desktop\masterprojekt\usingphotograhsenhance\virtualstudio\virtualstudio\virtualstudio\debug\optfileparser-params.obj
c:\users\lukasnew\desktop\masterprojekt\usingphotograhsenhance\virtualstudio\virtualstudio\virtualstudio\debug\colorhelper.obj
c:\users\lukasnew\desktop\masterprojekt\usingphotograhsenhance\virtualstudio\virtualstudio\virtualstudio\debug\debug.obj
c:\users\lukasnew\desktop\masterprojekt\usingphotograhsenhance\virtualstudio\virtualstudio\virtualstudio\debug\definitions.obj
c:\users\lukasnew\desktop\masterprojekt\usingphotograhsenhance\virtualstudio\virtualstudio\virtualstudio\debug\mathhelper.obj
c:\users\lukasnew\desktop\masterprojekt\usingphotograhsenhance\virtualstudio\virtualstudio\virtualstudio\debug\timer.obj
c:\users\lukasnew\desktop\masterprojekt\usingphotograhsenhance\virtualstudio\virtualstudio\virtualstudio\debug\transform-2x2.obj
c:\users\lukasnew\desktop\masterprojekt\usingphotograhsenhance\virtualstudio\virtualstudio\virtualstudio\debug\transform-4x4.obj
c:\users\lukasnew\desktop\masterprojekt\usingphotograhsenhance\virtualstudio\virtualstudio\virtualstudio\debug\image.obj
c:\users\lukasnew\desktop\masterprojekt\usingphotograhsenhance\virtualstudio\virtualstudio\virtualstudio\debug\imageio-tiff.obj
c:\users\lukasnew\desktop\masterprojekt\usingphotograhsenhance\virtualstudio\virtualstudio\virtualstudio\debug\imageio.obj
c:\users\lukasnew\desktop\masterprojekt\usingphotograhsenhance\virtualstudio\virtualstudio\virtualstudio\debug\imageprocessing-demosiac.obj
c:\users\lukasnew\desktop\masterprojekt\usingphotograhsenhance\virtualstudio\virtualstudio\virtualstudio\debug\imageprocessing-dhw.obj
c:\users\lukasnew\desktop\masterprojekt\usingphotograhsenhance\virtualstudio\virtualstudio\virtualstudio\debug\imageprocessing-dirsmooth.obj
c:\users\lukasnew\desktop\masterprojekt\usingphotograhsenhance\virtualstudio\virtualstudio\virtualstudio\debug\imageprocessing.obj
c:\users\lukasnew\desktop\masterprojekt\usingphotograhsenhance\virtualstudio\virtualstudio\virtualstudio\debug\refcntmem.obj
c:\users\lukasnew\desktop\masterprojekt\usingphotograhsenhance\virtualstudio\virtualstudio\virtualstudio\debug\main.obj
c:\users\lukasnew\desktop\masterprojekt\usingphotograhsenhance\virtualstudio\virtualstudio\virtualstudio\debug\bgedge.obj
c:\users\lukasnew\desktop\masterprojekt\usingphotograhsenhance\virtualstudio\virtualstudio\virtualstudio\debug\bgedgedetect.obj
c:\users\lukasnew\desktop\masterprojekt\usingphotograhsenhance\virtualstudio\virtualstudio\virtualstudio\debug\bgedgelist.obj
c:\users\lukasnew\desktop\masterprojekt\usingphotograhsenhance\virtualstudio\virtualstudio\virtualstudio\debug\bgglobalfc.obj
c:\users\lukasnew\desktop\masterprojekt\usingphotograhsenhance\virtualstudio\virtualstudio\virtualstudio\debug\cameramats-checks.obj
c:\users\lukasnew\desktop\masterprojekt\usingphotograhsenhance\virtualstudio\virtualstudio\virtualstudio\debug\cameramats-io.obj
c:\users\lukasnew\desktop\masterprojekt\usingphotograhsenhance\virtualstudio\virtualstudio\virtualstudio\debug\cameramats-proj.obj
c:\users\lukasnew\desktop\masterprojekt\usingphotograhsenhance\virtualstudio\virtualstudio\virtualstudio\debug\cameramats.obj
c:\users\lukasnew\desktop\masterprojekt\usingphotograhsenhance\virtualstudio\virtualstudio\virtualstudio\debug\disk.obj
c:\users\lukasnew\desktop\masterprojekt\usingphotograhsenhance\virtualstudio\virtualstudio\virtualstudio\debug\driver-features-debug.obj
c:\users\lukasnew\desktop\masterprojekt\usingphotograhsenhance\virtualstudio\virtualstudio\virtualstudio\debug\driver-features.obj
c:\users\lukasnew\desktop\masterprojekt\usingphotograhsenhance\virtualstudio\virtualstudio\virtualstudio\debug\driver-flow.obj
c:\users\lukasnew\desktop\masterprojekt\usingphotograhsenhance\virtualstudio\virtualstudio\virtualstudio\debug\driver-generic.obj
c:\users\lukasnew\desktop\masterprojekt\usingphotograhsenhance\virtualstudio\virtualstudio\virtualstudio\debug\driver-preprocess.obj
c:\users\lukasnew\desktop\masterprojekt\usingphotograhsenhance\virtualstudio\virtualstudio\virtualstudio\debug\driver-stereo.obj
c:\users\lukasnew\desktop\masterprojekt\usingphotograhsenhance\virtualstudio\virtualstudio\virtualstudio\debug\driver-temp.obj
c:\users\lukasnew\desktop\masterprojekt\usingphotograhsenhance\virtualstudio\virtualstudio\virtualstudio\debug\driver.obj
c:\users\lukasnew\desktop\masterprojekt\usingphotograhsenhance\virtualstudio\virtualstudio\virtualstudio\debug\featurematcher.obj
c:\users\lukasnew\desktop\masterprojekt\usingphotograhsenhance\virtualstudio\virtualstudio\virtualstudio\debug\featurerenderer.obj
c:\users\lukasnew\desktop\masterprojekt\usingphotograhsenhance\virtualstudio\virtualstudio\virtualstudio\debug\features.obj
c:\users\lukasnew\desktop\masterprojekt\usingphotograhsenhance\virtualstudio\virtualstudio\virtualstudio\debug\gcflow-params.obj
c:\users\lukasnew\desktop\masterprojekt\usingphotograhsenhance\virtualstudio\virtualstudio\virtualstudio\debug\gcflow.obj
c:\users\lukasnew\desktop\masterprojekt\usingphotograhsenhance\virtualstudio\virtualstudio\virtualstudio\debug\graph.obj
c:\users\lukasnew\desktop\masterprojekt\usingphotograhsenhance\virtualstudio\virtualstudio\virtualstudio\debug\maxflow.obj
c:\users\lukasnew\desktop\masterprojekt\usingphotograhsenhance\virtualstudio\virtualstudio\virtualstudio\debug\flowhelper.obj
c:\users\lukasnew\desktop\masterprojekt\usingphotograhsenhance\virtualstudio\virtualstudio\virtualstudio\debug\rigcalibrator-cammatrices.obj
c:\users\lukasnew\desktop\masterprojekt\usingphotograhsenhance\virtualstudio\virtualstudio\virtualstudio\debug\rigcalibrator-filenames.obj
c:\users\lukasnew\desktop\masterprojekt\usingphotograhsenhance\virtualstudio\virtualstudio\virtualstudio\debug\rigcalibrator-noahlarry.obj
c:\users\lukasnew\desktop\masterprojekt\usingphotograhsenhance\virtualstudio\virtualstudio\virtualstudio\debug\rigcalibrator-params.obj
c:\users\lukasnew\desktop\masterprojekt\usingphotograhsenhance\virtualstudio\virtualstudio\virtualstudio\debug\rigcalibrator-pointextraction.obj
c:\users\lukasnew\desktop\masterprojekt\usingphotograhsenhance\virtualstudio\virtualstudio\virtualstudio\debug\rigcalibrator.obj
c:\users\lukasnew\desktop\masterprojekt\usingphotograhsenhance\virtualstudio\virtualstudio\virtualstudio\debug\camera-accessors.obj
c:\users\lukasnew\desktop\masterprojekt\usingphotograhsenhance\virtualstudio\virtualstudio\virtualstudio\debug\camera-checks.obj
c:\users\lukasnew\desktop\masterprojekt\usingphotograhsenhance\virtualstudio\virtualstudio\virtualstudio\debug\camera-filenames.obj
c:\users\lukasnew\desktop\masterprojekt\usingphotograhsenhance\virtualstudio\virtualstudio\virtualstudio\debug\camera-planes.obj
c:\users\lukasnew\desktop\masterprojekt\usingphotograhsenhance\virtualstudio\virtualstudio\virtualstudio\debug\camera.obj
c:\users\lukasnew\desktop\masterprojekt\usingphotograhsenhance\virtualstudio\virtualstudio\debug\virtualstudio.pdb
c:\users\lukasnew\desktop\masterprojekt\usingphotograhsenhance\virtualstudio\virtualstudio\virtualstudio\debug\virtualstudio.tlog\cl.command.1.tlog
c:\users\lukasnew\desktop\masterprojekt\usingphotograhsenhance\virtualstudio\virtualstudio\virtualstudio\debug\virtualstudio.tlog\cl.read.1.tlog
c:\users\lukasnew\desktop\masterprojekt\usingphotograhsenhance\virtualstudio\virtualstudio\virtualstudio\debug\virtualstudio.tlog\cl.write.1.tlog
c:\users\lukasnew\desktop\masterprojekt\usingphotograhsenhance\virtualstudio\virtualstudio\virtualstudio\debug\virtualstudio.tlog\link-cvtres.read.1.tlog
c:\users\lukasnew\desktop\masterprojekt\usingphotograhsenhance\virtualstudio\virtualstudio\virtualstudio\debug\virtualstudio.tlog\link-cvtres.write.1.tlog
c:\users\lukasnew\desktop\masterprojekt\usingphotograhsenhance\virtualstudio\virtualstudio\virtualstudio\debug\virtualstudio.tlog\link-rc.read.1.tlog
c:\users\lukasnew\desktop\masterprojekt\usingphotograhsenhance\virtualstudio\virtualstudio\virtualstudio\debug\virtualstudio.tlog\link-rc.write.1.tlog
c:\users\lukasnew\desktop\masterprojekt\usingphotograhsenhance\virtualstudio\virtualstudio\virtualstudio\debug\virtualstudio.tlog\link.command.1.tlog
c:\users\lukasnew\desktop\masterprojekt\usingphotograhsenhance\virtualstudio\virtualstudio\virtualstudio\debug\virtualstudio.tlog\link.read.1.tlog
c:\users\lukasnew\desktop\masterprojekt\usingphotograhsenhance\virtualstudio\virtualstudio\virtualstudio\debug\virtualstudio.tlog\link.write.1.tlog
