LASPack.lib(errhandl.obj) : warning LNK4217: locally defined symbol _fprintf imported in function "void __cdecl WriteLASErrDescr(struct _iobuf *)" (?WriteLASErrDescr@@YAXPAU_iobuf@@@Z)
LASPack.lib(itersolv.obj) : warning LNK4217: locally defined symbol _sprintf imported in function "struct Vector * __cdecl GMRESIter(struct QMatrixType *,struct Vector *,struct Vector *,int,struct Vector * (__cdecl*)(struct QMatrixType *,struct Vector *,struct Vector *,double),double)" (?GMRESIter@@YAPAUVector@@PAUQMatrixType@@PAU1@1HP6APAU1@011N@ZN@Z)
LASPack.lib(operats.obj) : warning LNK4049: locally defined symbol _sprintf imported
LASPack.lib(factor.obj) : warning LNK4049: locally defined symbol _sprintf imported
libcpmtd.lib(syserror.obj) : error LNK2019: unresolved external symbol __invalid_parameter referenced in function __ehhandler$??1?$basic_string@_WU?$char_traits@_W@std@@V?$allocator@_W@2@@std@@QAE@XZ
libcpmtd.lib(locale.obj) : error LNK2001: unresolved external symbol __invalid_parameter
libcpmtd.lib(wlocale.obj) : error LNK2001: unresolved external symbol __invalid_parameter
libcpmtd.lib(xlocale.obj) : error LNK2001: unresolved external symbol __invalid_parameter
SuperRes-Training.obj : error LNK2001: unresolved external symbol __invalid_parameter
SuperRes.obj : error LNK2001: unresolved external symbol __invalid_parameter
SampleTest.obj : error LNK2001: unresolved external symbol __invalid_parameter
libcpmtd.lib(xonce.obj) : error LNK2001: unresolved external symbol __invalid_parameter
StereoReconstruction.obj : error LNK2001: unresolved external symbol __invalid_parameter
StreamPixIO.obj : error LNK2001: unresolved external symbol __invalid_parameter
SuperRes-BP.obj : error LNK2001: unresolved external symbol __invalid_parameter
SuperRes-Params.obj : error LNK2001: unresolved external symbol __invalid_parameter
StereoReconstruction-IO.obj : error LNK2001: unresolved external symbol __invalid_parameter
StereoReconstruction-Matte.obj : error LNK2001: unresolved external symbol __invalid_parameter
StereoReconstruction-NVI.obj : error LNK2001: unresolved external symbol __invalid_parameter
StereoReconstruction-Params.obj : error LNK2001: unresolved external symbol __invalid_parameter
Stereo-StaticData.obj : error LNK2001: unresolved external symbol __invalid_parameter
Stereo.obj : error LNK2001: unresolved external symbol __invalid_parameter
StereoReconstruction-FileNames.obj : error LNK2001: unresolved external symbol __invalid_parameter
StereoReconstruction-Flow.obj : error LNK2001: unresolved external symbol __invalid_parameter
Stereo-FileNames.obj : error LNK2001: unresolved external symbol __invalid_parameter
Stereo-Init.obj : error LNK2001: unresolved external symbol __invalid_parameter
Stereo-Load.obj : error LNK2001: unresolved external symbol __invalid_parameter
Stereo-Params.obj : error LNK2001: unresolved external symbol __invalid_parameter
ScenePoints.obj : error LNK2001: unresolved external symbol __invalid_parameter
Stereo-BP-Init.obj : error LNK2001: unresolved external symbol __invalid_parameter
Stereo-BP.obj : error LNK2001: unresolved external symbol __invalid_parameter
Stereo-Debug.obj : error LNK2001: unresolved external symbol __invalid_parameter
PCloudSegmenter.obj : error LNK2001: unresolved external symbol __invalid_parameter
Plane.obj : error LNK2001: unresolved external symbol __invalid_parameter
PlaneFromPoints.obj : error LNK2001: unresolved external symbol __invalid_parameter
PointCloud.obj : error LNK2001: unresolved external symbol __invalid_parameter
SparseSolver.obj : error LNK2001: unresolved external symbol __invalid_parameter
VideoSolver-Color.obj : error LNK2001: unresolved external symbol __invalid_parameter
VideoSolver-FileNames.obj : error LNK2001: unresolved external symbol __invalid_parameter
VideoSolver.obj : error LNK2001: unresolved external symbol __invalid_parameter
CCLabeler.obj : error LNK2001: unresolved external symbol __invalid_parameter
PiecesBlender.obj : error LNK2001: unresolved external symbol __invalid_parameter
RegistrationDefs.obj : error LNK2001: unresolved external symbol __invalid_parameter
BlendSolver.obj : error LNK2001: unresolved external symbol __invalid_parameter
SegmentBreaker.obj : error LNK2001: unresolved external symbol __invalid_parameter
Segmenter-Params.obj : error LNK2001: unresolved external symbol __invalid_parameter
Segmenter.obj : error LNK2001: unresolved external symbol __invalid_parameter
CamFrameContext.obj : error LNK2001: unresolved external symbol __invalid_parameter
Segmentation-Debug.obj : error LNK2001: unresolved external symbol __invalid_parameter
Segmentation-IO.obj : error LNK2001: unresolved external symbol __invalid_parameter
Segmentation.obj : error LNK2001: unresolved external symbol __invalid_parameter
SegmentBreaker-Params.obj : error LNK2001: unresolved external symbol __invalid_parameter
Segment-SegData.obj : error LNK2001: unresolved external symbol __invalid_parameter
Segment-SpatialNeighs.obj : error LNK2001: unresolved external symbol __invalid_parameter
Segment-ViewNeighs.obj : error LNK2001: unresolved external symbol __invalid_parameter
Segment.obj : error LNK2001: unresolved external symbol __invalid_parameter
SS_Setup-Params.obj : error LNK2001: unresolved external symbol __invalid_parameter
SS_Setup.obj : error LNK2001: unresolved external symbol __invalid_parameter
Segment-Debug.obj : error LNK2001: unresolved external symbol __invalid_parameter
Segment-IO.obj : error LNK2001: unresolved external symbol __invalid_parameter
Rig-FileNames.obj : error LNK2001: unresolved external symbol __invalid_parameter
Rig-Params.obj : error LNK2001: unresolved external symbol __invalid_parameter
Rig-Planes.obj : error LNK2001: unresolved external symbol __invalid_parameter
Rig.obj : error LNK2001: unresolved external symbol __invalid_parameter
Draw.obj : error LNK2001: unresolved external symbol __invalid_parameter
Rig-CameraPath.obj : error LNK2001: unresolved external symbol __invalid_parameter
Rig-Checks.obj : error LNK2001: unresolved external symbol __invalid_parameter
Rig-Debug.obj : error LNK2001: unresolved external symbol __invalid_parameter
MVFlow-solver.obj : error LNK2001: unresolved external symbol __invalid_parameter
MVFlow.obj : error LNK2001: unresolved external symbol __invalid_parameter
OptFileParser-Params.obj : error LNK2001: unresolved external symbol __invalid_parameter
OptFileParser.obj : error LNK2001: unresolved external symbol __invalid_parameter
PiecewiseMotion.obj : error LNK2001: unresolved external symbol __invalid_parameter
MVFlow-DataCalc.obj : error LNK2001: unresolved external symbol __invalid_parameter
MVFlow-Debug.obj : error LNK2001: unresolved external symbol __invalid_parameter
MVFlow-params.obj : error LNK2001: unresolved external symbol __invalid_parameter
ImageProcessing.obj : error LNK2001: unresolved external symbol __invalid_parameter
main.obj : error LNK2001: unresolved external symbol __invalid_parameter
Motion.obj : error LNK2001: unresolved external symbol __invalid_parameter
MotionFromMatches.obj : error LNK2001: unresolved external symbol __invalid_parameter
ImageIO.obj : error LNK2001: unresolved external symbol __invalid_parameter
ImageProcessing-Demosiac.obj : error LNK2001: unresolved external symbol __invalid_parameter
ImageProcessing-DHW.obj : error LNK2001: unresolved external symbol __invalid_parameter
ImageProcessing-DirSmooth.obj : error LNK2001: unresolved external symbol __invalid_parameter
Transform-2x2.obj : error LNK2001: unresolved external symbol __invalid_parameter
Transform-4x4.obj : error LNK2001: unresolved external symbol __invalid_parameter
Image.obj : error LNK2001: unresolved external symbol __invalid_parameter
ImageIO-Tiff.obj : error LNK2001: unresolved external symbol __invalid_parameter
GCFlow.obj : error LNK2001: unresolved external symbol __invalid_parameter
ColorHelper.obj : error LNK2001: unresolved external symbol __invalid_parameter
Definitions.obj : error LNK2001: unresolved external symbol __invalid_parameter
MathHelper.obj : error LNK2001: unresolved external symbol __invalid_parameter
FeatureMatcher.obj : error LNK2001: unresolved external symbol __invalid_parameter
FeatureRenderer.obj : error LNK2001: unresolved external symbol __invalid_parameter
Features.obj : error LNK2001: unresolved external symbol __invalid_parameter
GCFlow-params.obj : error LNK2001: unresolved external symbol __invalid_parameter
Driver-Generic.obj : error LNK2001: unresolved external symbol __invalid_parameter
Driver-Preprocess.obj : error LNK2001: unresolved external symbol __invalid_parameter
Driver-Stereo.obj : error LNK2001: unresolved external symbol __invalid_parameter
Driver.obj : error LNK2001: unresolved external symbol __invalid_parameter
Disk.obj : error LNK2001: unresolved external symbol __invalid_parameter
Driver-Features-Debug.obj : error LNK2001: unresolved external symbol __invalid_parameter
Driver-Features.obj : error LNK2001: unresolved external symbol __invalid_parameter
Driver-Flow.obj : error LNK2001: unresolved external symbol __invalid_parameter
CameraMats-Checks.obj : error LNK2001: unresolved external symbol __invalid_parameter
CameraMats-IO.obj : error LNK2001: unresolved external symbol __invalid_parameter
CameraMats-Proj.obj : error LNK2001: unresolved external symbol __invalid_parameter
CameraMats.obj : error LNK2001: unresolved external symbol __invalid_parameter
Camera-Checks.obj : error LNK2001: unresolved external symbol __invalid_parameter
Camera-FileNames.obj : error LNK2001: unresolved external symbol __invalid_parameter
Camera-Planes.obj : error LNK2001: unresolved external symbol __invalid_parameter
Camera.obj : error LNK2001: unresolved external symbol __invalid_parameter
RigCalibrator-Params.obj : error LNK2001: unresolved external symbol __invalid_parameter
RigCalibrator-PointExtraction.obj : error LNK2001: unresolved external symbol __invalid_parameter
RigCalibrator.obj : error LNK2001: unresolved external symbol __invalid_parameter
Camera-Accessors.obj : error LNK2001: unresolved external symbol __invalid_parameter
FlowHelper.obj : error LNK2001: unresolved external symbol __invalid_parameter
RigCalibrator-CamMatrices.obj : error LNK2001: unresolved external symbol __invalid_parameter
RigCalibrator-FileNames.obj : error LNK2001: unresolved external symbol __invalid_parameter
RigCalibrator-NoahLarry.obj : error LNK2001: unresolved external symbol __invalid_parameter
libcpmtd.lib(syserror.obj) : error LNK2001: unresolved external symbol __CrtDbgReport
libcpmtd.lib(locale.obj) : error LNK2001: unresolved external symbol __CrtDbgReport
libcpmtd.lib(wlocale.obj) : error LNK2001: unresolved external symbol __CrtDbgReport
libcpmtd.lib(xlocale.obj) : error LNK2001: unresolved external symbol __CrtDbgReport
SuperRes-Training.obj : error LNK2001: unresolved external symbol __CrtDbgReport
SuperRes.obj : error LNK2001: unresolved external symbol __CrtDbgReport
SampleTest.obj : error LNK2001: unresolved external symbol __CrtDbgReport
libcpmtd.lib(xonce.obj) : error LNK2001: unresolved external symbol __CrtDbgReport
StereoReconstruction.obj : error LNK2001: unresolved external symbol __CrtDbgReport
StreamPixIO.obj : error LNK2001: unresolved external symbol __CrtDbgReport
SuperRes-BP.obj : error LNK2001: unresolved external symbol __CrtDbgReport
SuperRes-Params.obj : error LNK2001: unresolved external symbol __CrtDbgReport
StereoReconstruction-IO.obj : error LNK2001: unresolved external symbol __CrtDbgReport
StereoReconstruction-Matte.obj : error LNK2001: unresolved external symbol __CrtDbgReport
StereoReconstruction-NVI.obj : error LNK2001: unresolved external symbol __CrtDbgReport
StereoReconstruction-Params.obj : error LNK2001: unresolved external symbol __CrtDbgReport
Stereo-StaticData.obj : error LNK2001: unresolved external symbol __CrtDbgReport
Stereo.obj : error LNK2001: unresolved external symbol __CrtDbgReport
StereoReconstruction-FileNames.obj : error LNK2001: unresolved external symbol __CrtDbgReport
StereoReconstruction-Flow.obj : error LNK2001: unresolved external symbol __CrtDbgReport
Stereo-FileNames.obj : error LNK2001: unresolved external symbol __CrtDbgReport
Stereo-Init.obj : error LNK2001: unresolved external symbol __CrtDbgReport
Stereo-Load.obj : error LNK2001: unresolved external symbol __CrtDbgReport
Stereo-Params.obj : error LNK2001: unresolved external symbol __CrtDbgReport
ScenePoints.obj : error LNK2001: unresolved external symbol __CrtDbgReport
Stereo-BP-Init.obj : error LNK2001: unresolved external symbol __CrtDbgReport
Stereo-BP.obj : error LNK2001: unresolved external symbol __CrtDbgReport
Stereo-Debug.obj : error LNK2001: unresolved external symbol __CrtDbgReport
PCloudSegmenter.obj : error LNK2001: unresolved external symbol __CrtDbgReport
Plane.obj : error LNK2001: unresolved external symbol __CrtDbgReport
PlaneFromPoints.obj : error LNK2001: unresolved external symbol __CrtDbgReport
PointCloud.obj : error LNK2001: unresolved external symbol __CrtDbgReport
SparseSolver.obj : error LNK2001: unresolved external symbol __CrtDbgReport
VideoSolver-Color.obj : error LNK2001: unresolved external symbol __CrtDbgReport
VideoSolver-FileNames.obj : error LNK2001: unresolved external symbol __CrtDbgReport
VideoSolver.obj : error LNK2001: unresolved external symbol __CrtDbgReport
CCLabeler.obj : error LNK2001: unresolved external symbol __CrtDbgReport
PiecesBlender.obj : error LNK2001: unresolved external symbol __CrtDbgReport
RegistrationDefs.obj : error LNK2001: unresolved external symbol __CrtDbgReport
BlendSolver.obj : error LNK2001: unresolved external symbol __CrtDbgReport
SegmentBreaker.obj : error LNK2001: unresolved external symbol __CrtDbgReport
Segmenter-Params.obj : error LNK2001: unresolved external symbol __CrtDbgReport
Segmenter.obj : error LNK2001: unresolved external symbol __CrtDbgReport
CamFrameContext.obj : error LNK2001: unresolved external symbol __CrtDbgReport
Segmentation-Debug.obj : error LNK2001: unresolved external symbol __CrtDbgReport
Segmentation-IO.obj : error LNK2001: unresolved external symbol __CrtDbgReport
Segmentation.obj : error LNK2001: unresolved external symbol __CrtDbgReport
SegmentBreaker-Params.obj : error LNK2001: unresolved external symbol __CrtDbgReport
Segment-SegData.obj : error LNK2001: unresolved external symbol __CrtDbgReport
Segment-SpatialNeighs.obj : error LNK2001: unresolved external symbol __CrtDbgReport
Segment-ViewNeighs.obj : error LNK2001: unresolved external symbol __CrtDbgReport
Segment.obj : error LNK2001: unresolved external symbol __CrtDbgReport
SS_Setup-Params.obj : error LNK2001: unresolved external symbol __CrtDbgReport
SS_Setup.obj : error LNK2001: unresolved external symbol __CrtDbgReport
Segment-Debug.obj : error LNK2001: unresolved external symbol __CrtDbgReport
Segment-IO.obj : error LNK2001: unresolved external symbol __CrtDbgReport
Rig-FileNames.obj : error LNK2001: unresolved external symbol __CrtDbgReport
Rig-Params.obj : error LNK2001: unresolved external symbol __CrtDbgReport
Rig-Planes.obj : error LNK2001: unresolved external symbol __CrtDbgReport
Rig.obj : error LNK2001: unresolved external symbol __CrtDbgReport
Draw.obj : error LNK2001: unresolved external symbol __CrtDbgReport
Rig-CameraPath.obj : error LNK2001: unresolved external symbol __CrtDbgReport
Rig-Checks.obj : error LNK2001: unresolved external symbol __CrtDbgReport
Rig-Debug.obj : error LNK2001: unresolved external symbol __CrtDbgReport
MVFlow-solver.obj : error LNK2001: unresolved external symbol __CrtDbgReport
MVFlow.obj : error LNK2001: unresolved external symbol __CrtDbgReport
OptFileParser-Params.obj : error LNK2001: unresolved external symbol __CrtDbgReport
OptFileParser.obj : error LNK2001: unresolved external symbol __CrtDbgReport
PiecewiseMotion.obj : error LNK2001: unresolved external symbol __CrtDbgReport
MVFlow-DataCalc.obj : error LNK2001: unresolved external symbol __CrtDbgReport
MVFlow-Debug.obj : error LNK2001: unresolved external symbol __CrtDbgReport
MVFlow-params.obj : error LNK2001: unresolved external symbol __CrtDbgReport
ImageProcessing.obj : error LNK2001: unresolved external symbol __CrtDbgReport
main.obj : error LNK2001: unresolved external symbol __CrtDbgReport
Motion.obj : error LNK2001: unresolved external symbol __CrtDbgReport
MotionFromMatches.obj : error LNK2001: unresolved external symbol __CrtDbgReport
ImageIO.obj : error LNK2001: unresolved external symbol __CrtDbgReport
ImageProcessing-Demosiac.obj : error LNK2001: unresolved external symbol __CrtDbgReport
ImageProcessing-DHW.obj : error LNK2001: unresolved external symbol __CrtDbgReport
ImageProcessing-DirSmooth.obj : error LNK2001: unresolved external symbol __CrtDbgReport
Transform-2x2.obj : error LNK2001: unresolved external symbol __CrtDbgReport
Transform-4x4.obj : error LNK2001: unresolved external symbol __CrtDbgReport
Image.obj : error LNK2001: unresolved external symbol __CrtDbgReport
ImageIO-Tiff.obj : error LNK2001: unresolved external symbol __CrtDbgReport
GCFlow.obj : error LNK2001: unresolved external symbol __CrtDbgReport
ColorHelper.obj : error LNK2001: unresolved external symbol __CrtDbgReport
Definitions.obj : error LNK2001: unresolved external symbol __CrtDbgReport
MathHelper.obj : error LNK2001: unresolved external symbol __CrtDbgReport
FeatureMatcher.obj : error LNK2001: unresolved external symbol __CrtDbgReport
FeatureRenderer.obj : error LNK2001: unresolved external symbol __CrtDbgReport
Features.obj : error LNK2001: unresolved external symbol __CrtDbgReport
GCFlow-params.obj : error LNK2001: unresolved external symbol __CrtDbgReport
Driver-Generic.obj : error LNK2001: unresolved external symbol __CrtDbgReport
Driver-Preprocess.obj : error LNK2001: unresolved external symbol __CrtDbgReport
Driver-Stereo.obj : error LNK2001: unresolved external symbol __CrtDbgReport
Driver.obj : error LNK2001: unresolved external symbol __CrtDbgReport
Disk.obj : error LNK2001: unresolved external symbol __CrtDbgReport
Driver-Features-Debug.obj : error LNK2001: unresolved external symbol __CrtDbgReport
Driver-Features.obj : error LNK2001: unresolved external symbol __CrtDbgReport
Driver-Flow.obj : error LNK2001: unresolved external symbol __CrtDbgReport
CameraMats-Checks.obj : error LNK2001: unresolved external symbol __CrtDbgReport
CameraMats-IO.obj : error LNK2001: unresolved external symbol __CrtDbgReport
CameraMats-Proj.obj : error LNK2001: unresolved external symbol __CrtDbgReport
CameraMats.obj : error LNK2001: unresolved external symbol __CrtDbgReport
Camera-Checks.obj : error LNK2001: unresolved external symbol __CrtDbgReport
Camera-FileNames.obj : error LNK2001: unresolved external symbol __CrtDbgReport
Camera-Planes.obj : error LNK2001: unresolved external symbol __CrtDbgReport
Camera.obj : error LNK2001: unresolved external symbol __CrtDbgReport
RigCalibrator-Params.obj : error LNK2001: unresolved external symbol __CrtDbgReport
RigCalibrator-PointExtraction.obj : error LNK2001: unresolved external symbol __CrtDbgReport
RigCalibrator.obj : error LNK2001: unresolved external symbol __CrtDbgReport
Camera-Accessors.obj : error LNK2001: unresolved external symbol __CrtDbgReport
FlowHelper.obj : error LNK2001: unresolved external symbol __CrtDbgReport
RigCalibrator-CamMatrices.obj : error LNK2001: unresolved external symbol __CrtDbgReport
RigCalibrator-FileNames.obj : error LNK2001: unresolved external symbol __CrtDbgReport
RigCalibrator-NoahLarry.obj : error LNK2001: unresolved external symbol __CrtDbgReport
libcpmtd.lib(xlocale.obj) : error LNK2001: unresolved external symbol __free_dbg
libcpmtd.lib(xwcsxfrm.obj) : error LNK2001: unresolved external symbol __free_dbg
libcpmtd.lib(StlCompareStringA.obj) : error LNK2001: unresolved external symbol __free_dbg
libcpmtd.lib(locale0.obj) : error LNK2001: unresolved external symbol __free_dbg
libcpmtd.lib(StlLCMapStringA.obj) : error LNK2001: unresolved external symbol __free_dbg
libcpmtd.lib(locale.obj) : error LNK2001: unresolved external symbol __free_dbg
libcpmtd.lib(wlocale.obj) : error LNK2001: unresolved external symbol __free_dbg
Plane.obj : error LNK2001: unresolved external symbol __free_dbg
PointCloud.obj : error LNK2001: unresolved external symbol __free_dbg
ScenePoints.obj : error LNK2001: unresolved external symbol __free_dbg
Stereo-Init.obj : error LNK2001: unresolved external symbol __free_dbg
SS_Setup.obj : error LNK2001: unresolved external symbol __free_dbg
RegistrationDefs.obj : error LNK2001: unresolved external symbol __free_dbg
VideoSolver-Color.obj : error LNK2001: unresolved external symbol __free_dbg
PCloudSegmenter.obj : error LNK2001: unresolved external symbol __free_dbg
Motion.obj : error LNK2001: unresolved external symbol __free_dbg
OptFileParser.obj : error LNK2001: unresolved external symbol __free_dbg
Rig-CameraPath.obj : error LNK2001: unresolved external symbol __free_dbg
Rig.obj : error LNK2001: unresolved external symbol __free_dbg
Camera.obj : error LNK2001: unresolved external symbol __free_dbg
CameraMats-IO.obj : error LNK2001: unresolved external symbol __free_dbg
Features.obj : error LNK2001: unresolved external symbol __free_dbg
Transform-4x4.obj : error LNK2001: unresolved external symbol __free_dbg
RigCalibrator-CamMatrices.obj : error LNK2001: unresolved external symbol __free_dbg
RigCalibrator-NoahLarry.obj : error LNK2001: unresolved external symbol __free_dbg
RigCalibrator-PointExtraction.obj : error LNK2001: unresolved external symbol __free_dbg
Camera-Planes.obj : error LNK2001: unresolved external symbol __free_dbg
libcpmtd.lib(xlocale.obj) : error LNK2001: unresolved external symbol __malloc_dbg
libcpmtd.lib(xwcsxfrm.obj) : error LNK2001: unresolved external symbol __malloc_dbg
libcpmtd.lib(StlCompareStringA.obj) : error LNK2001: unresolved external symbol __malloc_dbg
libcpmtd.lib(locale0.obj) : error LNK2001: unresolved external symbol __malloc_dbg
libcpmtd.lib(StlLCMapStringA.obj) : error LNK2001: unresolved external symbol __malloc_dbg
libcpmtd.lib(locale.obj) : error LNK2001: unresolved external symbol __malloc_dbg
libcpmtd.lib(wlocale.obj) : error LNK2001: unresolved external symbol __malloc_dbg
Plane.obj : error LNK2001: unresolved external symbol __malloc_dbg
PointCloud.obj : error LNK2001: unresolved external symbol __malloc_dbg
ScenePoints.obj : error LNK2001: unresolved external symbol __malloc_dbg
Stereo-Init.obj : error LNK2001: unresolved external symbol __malloc_dbg
SS_Setup.obj : error LNK2001: unresolved external symbol __malloc_dbg
RegistrationDefs.obj : error LNK2001: unresolved external symbol __malloc_dbg
VideoSolver-Color.obj : error LNK2001: unresolved external symbol __malloc_dbg
PCloudSegmenter.obj : error LNK2001: unresolved external symbol __malloc_dbg
Motion.obj : error LNK2001: unresolved external symbol __malloc_dbg
OptFileParser.obj : error LNK2001: unresolved external symbol __malloc_dbg
Rig-CameraPath.obj : error LNK2001: unresolved external symbol __malloc_dbg
Rig.obj : error LNK2001: unresolved external symbol __malloc_dbg
Camera.obj : error LNK2001: unresolved external symbol __malloc_dbg
CameraMats-IO.obj : error LNK2001: unresolved external symbol __malloc_dbg
Features.obj : error LNK2001: unresolved external symbol __malloc_dbg
Transform-4x4.obj : error LNK2001: unresolved external symbol __malloc_dbg
RigCalibrator-CamMatrices.obj : error LNK2001: unresolved external symbol __malloc_dbg
RigCalibrator-NoahLarry.obj : error LNK2001: unresolved external symbol __malloc_dbg
RigCalibrator-PointExtraction.obj : error LNK2001: unresolved external symbol __malloc_dbg
Camera-Planes.obj : error LNK2001: unresolved external symbol __malloc_dbg
libcpmtd.lib(_tolower.obj) : error LNK2001: unresolved external symbol __calloc_dbg
libcpmtd.lib(locale.obj) : error LNK2001: unresolved external symbol __calloc_dbg
libcpmtd.lib(wlocale.obj) : error LNK2001: unresolved external symbol __calloc_dbg
libcpmtd.lib(xlocale.obj) : error LNK2001: unresolved external symbol __calloc_dbg
Plane.obj : error LNK2001: unresolved external symbol __calloc_dbg
PointCloud.obj : error LNK2001: unresolved external symbol __calloc_dbg
ScenePoints.obj : error LNK2001: unresolved external symbol __calloc_dbg
Stereo-Init.obj : error LNK2001: unresolved external symbol __calloc_dbg
Rig.obj : error LNK2001: unresolved external symbol __calloc_dbg
RegistrationDefs.obj : error LNK2001: unresolved external symbol __calloc_dbg
VideoSolver-Color.obj : error LNK2001: unresolved external symbol __calloc_dbg
PCloudSegmenter.obj : error LNK2001: unresolved external symbol __calloc_dbg
Features.obj : error LNK2001: unresolved external symbol __calloc_dbg
Transform-4x4.obj : error LNK2001: unresolved external symbol __calloc_dbg
Motion.obj : error LNK2001: unresolved external symbol __calloc_dbg
Rig-CameraPath.obj : error LNK2001: unresolved external symbol __calloc_dbg
RigCalibrator-NoahLarry.obj : error LNK2001: unresolved external symbol __calloc_dbg
Camera-Planes.obj : error LNK2001: unresolved external symbol __calloc_dbg
Camera.obj : error LNK2001: unresolved external symbol __calloc_dbg
CameraMats-IO.obj : error LNK2001: unresolved external symbol __calloc_dbg
libcpmtd.lib(_tolower.obj) : error LNK2019: unresolved external symbol __wcsdup_dbg referenced in function __Getctype
libcpmtd.lib(xstrcoll.obj) : error LNK2001: unresolved external symbol __wcsdup_dbg
libcpmtd.lib(StlLCMapStringA.obj) : error LNK2019: unresolved external symbol __CrtDbgReportW referenced in function __freea_crt
libcpmtd.lib(xmbtowc.obj) : error LNK2001: unresolved external symbol __CrtDbgReportW
libcpmtd.lib(StlCompareStringA.obj) : error LNK2001: unresolved external symbol __CrtDbgReportW
libcpmtd.lib(locale.obj) : error LNK2019: unresolved external symbol __realloc_dbg referenced in function "private: static void __cdecl std::locale::_Locimp::_Locimp_Addfac(class std::locale::_Locimp *,class std::locale::facet *,unsigned int)" (?_Locimp_Addfac@_Locimp@locale@std@@CAXPAV123@PAVfacet@23@I@Z)
C:\Users\LukasNew\Desktop\masterprojekt\usingphotograhsenhance\VirtualStudio\VirtualStudio\Debug\VirtualStudio.exe : fatal error LNK1120: 8 unresolved externals
